<?xml version="1.0" encoding="utf-8"?>
<TestRun id="24566c95-316a-4d9f-9d88-e5aa02433ea8" name="Conta@VINICIUS-SILVA 2025-12-01 11:30:16" runUser="VINICIUS-SILVA\Conta" xmlns="http://microsoft.com/schemas/VisualStudio/TeamTest/2010">
  <Times creation="2025-12-01T11:30:16.8226647-03:00" queuing="2025-12-01T11:30:16.8226653-03:00" start="2025-12-01T11:30:15.3466840-03:00" finish="2025-12-01T11:30:17.1054399-03:00" />
  <TestSettings name="default" id="8fa61ac7-c111-48fe-a471-9d90411c725a">
    <Deployment runDeploymentRoot="Conta_VINICIUS-SILVA_2025-12-01_11_30_16" />
  </TestSettings>
  <Results>
    <UnitTestResult executionId="5282fd4c-5883-43f5-8e1e-2c46dc8eabcf" testId="86c9cde0-ea7c-3e6b-e739-df347853561f" testName="Test_4" computerName="VINICIUS-SILVA" duration="00:00:00.0000001" startTime="2025-12-01T11:30:17.0291671-03:00" endTime="2025-12-01T11:30:17.0303504-03:00" testType="13cdc9d9-ddb5-4fa4-a97d-d965ccfc6d4b" outcome="Passed" testListId="8c84fa94-04c1-424b-9868-57a2d4851a1d" relativeResultsDirectory="5282fd4c-5883-43f5-8e1e-2c46dc8eabcf">
      <Output>
        <StdOut>Placeholder para critério: [Error condition 1]</StdOut>
      </Output>
    </UnitTestResult>
    <UnitTestResult executionId="9eeac1c2-b05f-4d74-a0f9-37b25d340fb6" testId="a44c9741-2eab-9c5f-fafe-5b5df4e96b77" testName="Test_6" computerName="VINICIUS-SILVA" duration="00:00:00.0000001" startTime="2025-12-01T11:30:17.0303504-03:00" endTime="2025-12-01T11:30:17.0313521-03:00" testType="13cdc9d9-ddb5-4fa4-a97d-d965ccfc6d4b" outcome="Passed" testListId="8c84fa94-04c1-424b-9868-57a2d4851a1d" relativeResultsDirectory="9eeac1c2-b05f-4d74-a0f9-37b25d340fb6">
      <Output>
        <StdOut>Placeholder para critério: **Action:** [Specific action item]</StdOut>
      </Output>
    </UnitTestResult>
    <UnitTestResult executionId="f38aa5cf-9f78-4318-9ac3-651168a84c3f" testId="051d394f-ce38-fcd1-9efb-93027cacad5d" testName="Test_9" computerName="VINICIUS-SILVA" duration="00:00:00.0010000" startTime="2025-12-01T11:30:17.0323508-03:00" endTime="2025-12-01T11:30:17.0333494-03:00" testType="13cdc9d9-ddb5-4fa4-a97d-d965ccfc6d4b" outcome="Passed" testListId="8c84fa94-04c1-424b-9868-57a2d4851a1d" relativeResultsDirectory="f38aa5cf-9f78-4318-9ac3-651168a84c3f">
      <Output>
        <StdOut>Placeholder para critério: **Action:** [Specific action item]</StdOut>
      </Output>
    </UnitTestResult>
    <UnitTestResult executionId="d6dd6070-4920-4d11-ba6b-a0a5e16159ce" testId="6b721d7e-e640-85a4-b29b-c62552caaa0b" testName="OnDelete_Fechada_Lanca" computerName="VINICIUS-SILVA" duration="00:00:00.0020000" startTime="2025-12-01T11:30:16.8812210-03:00" endTime="2025-12-01T11:30:16.8832206-03:00" testType="13cdc9d9-ddb5-4fa4-a97d-d965ccfc6d4b" outcome="Passed" testListId="8c84fa94-04c1-424b-9868-57a2d4851a1d" relativeResultsDirectory="d6dd6070-4920-4d11-ba6b-a0a5e16159ce" />
    <UnitTestResult executionId="c95cdd9f-3b67-4e1e-a6f1-608b29a0bcfc" testId="2a6a85f3-fd96-1a10-cd97-4d127d263a99" testName="OnUpdate_Fechada_TentandoAlterarNome_DeveLancarExcecao" computerName="VINICIUS-SILVA" duration="00:00:00.0010000" startTime="2025-12-01T11:30:16.8952458-03:00" endTime="2025-12-01T11:30:16.8962457-03:00" testType="13cdc9d9-ddb5-4fa4-a97d-d965ccfc6d4b" outcome="Failed" testListId="8c84fa94-04c1-424b-9868-57a2d4851a1d" relativeResultsDirectory="c95cdd9f-3b67-4e1e-a6f1-608b29a0bcfc">
      <Output>
        <ErrorInfo>
          <Message>  Expected: String containing "Nome"&#xD;
  But was:  "Ocorrência fechada não pode ser alterada."&#xD;
</Message>
          <StackTrace>   em AvaEdu.Tests.OcorrenciaServiceTests.OnUpdate_Fechada_TentandoAlterarNome_DeveLancarExcecao() na c:\Users\Conta\OneDrive\Documentos\AvaEdu\Tests\OcorrenciaServiceTests.cs:linha 179&#xD;

1)    em AvaEdu.Tests.OcorrenciaServiceTests.OnUpdate_Fechada_TentandoAlterarNome_DeveLancarExcecao() na c:\Users\Conta\OneDrive\Documentos\AvaEdu\Tests\OcorrenciaServiceTests.cs:linha 179&#xD;

</StackTrace>
        </ErrorInfo>
      </Output>
    </UnitTestResult>
    <UnitTestResult executionId="11eedf08-0a80-4ea2-a352-4463e5099f9c" testId="b9360cbf-8dc0-b547-bf0c-ec9e810be8b8" testName="UpdatePlugin_Execute_OcorrenciaAberta_AlterandoEmail_DevePermitir" computerName="VINICIUS-SILVA" duration="00:00:00.0090000" startTime="2025-12-01T11:30:16.9492093-03:00" endTime="2025-12-01T11:30:16.9588103-03:00" testType="13cdc9d9-ddb5-4fa4-a97d-d965ccfc6d4b" outcome="Passed" testListId="8c84fa94-04c1-424b-9868-57a2d4851a1d" relativeResultsDirectory="11eedf08-0a80-4ea2-a352-4463e5099f9c" />
    <UnitTestResult executionId="9fb16288-58c8-463d-98c1-37f7b3d5552f" testId="d4f95f4a-cadb-f1e6-5803-bf5afbe8ab38" testName="IsFechada_False_StatusNull" computerName="VINICIUS-SILVA" duration="00:00:00.0000001" startTime="2025-12-01T11:30:16.8057495-03:00" endTime="2025-12-01T11:30:16.8057495-03:00" testType="13cdc9d9-ddb5-4fa4-a97d-d965ccfc6d4b" outcome="Passed" testListId="8c84fa94-04c1-424b-9868-57a2d4851a1d" relativeResultsDirectory="9fb16288-58c8-463d-98c1-37f7b3d5552f" />
    <UnitTestResult executionId="9d282773-7192-4ff5-937c-7de204554ee8" testId="8a2d268d-ebdd-0deb-b523-704d0a2b5220" testName="Retrieve_SemColumnSet_RetornaTodosAtributos" computerName="VINICIUS-SILVA" duration="00:00:00.0000001" startTime="2025-12-01T11:30:16.8057495-03:00" endTime="2025-12-01T11:30:16.8067481-03:00" testType="13cdc9d9-ddb5-4fa4-a97d-d965ccfc6d4b" outcome="Passed" testListId="8c84fa94-04c1-424b-9868-57a2d4851a1d" relativeResultsDirectory="9d282773-7192-4ff5-937c-7de204554ee8" />
    <UnitTestResult executionId="9aff04a8-9b38-4497-8468-1f67ec28d6cb" testId="1814a1d8-ff85-b80b-158f-9b61705ee89f" testName="ExistsAbertaMesmoCpfTipoAssunto_False_CpfNull" computerName="VINICIUS-SILVA" duration="00:00:00.0040000" startTime="2025-12-01T11:30:16.7479792-03:00" endTime="2025-12-01T11:30:16.7520370-03:00" testType="13cdc9d9-ddb5-4fa4-a97d-d965ccfc6d4b" outcome="Passed" testListId="8c84fa94-04c1-424b-9868-57a2d4851a1d" relativeResultsDirectory="9aff04a8-9b38-4497-8468-1f67ec28d6cb" />
    <UnitTestResult executionId="365e6804-9900-4c43-bd23-9e3ca751e7ed" testId="b6ad4712-5e96-78d4-36fe-1c8b9946a623" testName="OnCreate_SemTipo_NaoVerificaDuplicidade" computerName="VINICIUS-SILVA" duration="00:00:00.0000001" startTime="2025-12-01T11:30:16.8802200-03:00" endTime="2025-12-01T11:30:16.8802200-03:00" testType="13cdc9d9-ddb5-4fa4-a97d-d965ccfc6d4b" outcome="Passed" testListId="8c84fa94-04c1-424b-9868-57a2d4851a1d" relativeResultsDirectory="365e6804-9900-4c43-bd23-9e3ca751e7ed" />
    <UnitTestResult executionId="ea556a46-983f-4b0f-af96-c0591d6eacad" testId="8dc100a0-d1bf-5104-2039-50d638057d6f" testName="OnUpdate_Fechada_TentandoAlterarCpf_DeveLancarExcecao" computerName="VINICIUS-SILVA" duration="00:00:00.0010000" startTime="2025-12-01T11:30:16.8922409-03:00" endTime="2025-12-01T11:30:16.8942432-03:00" testType="13cdc9d9-ddb5-4fa4-a97d-d965ccfc6d4b" outcome="Failed" testListId="8c84fa94-04c1-424b-9868-57a2d4851a1d" relativeResultsDirectory="ea556a46-983f-4b0f-af96-c0591d6eacad">
      <Output>
        <ErrorInfo>
          <Message>  Expected: String containing "CPF"&#xD;
  But was:  "Ocorrência fechada não pode ser alterada."&#xD;
</Message>
          <StackTrace>   em AvaEdu.Tests.OcorrenciaServiceTests.OnUpdate_Fechada_TentandoAlterarCpf_DeveLancarExcecao() na c:\Users\Conta\OneDrive\Documentos\AvaEdu\Tests\OcorrenciaServiceTests.cs:linha 436&#xD;

1)    em AvaEdu.Tests.OcorrenciaServiceTests.OnUpdate_Fechada_TentandoAlterarCpf_DeveLancarExcecao() na c:\Users\Conta\OneDrive\Documentos\AvaEdu\Tests\OcorrenciaServiceTests.cs:linha 436&#xD;

</StackTrace>
        </ErrorInfo>
      </Output>
    </UnitTestResult>
    <UnitTestResult executionId="2f3ea3ab-8a89-4037-abb8-28327f2f8898" testId="2c8dc1e7-2749-30fa-041e-a979257456b2" testName="Test_18" computerName="VINICIUS-SILVA" duration="00:00:00.0060000" startTime="2025-12-01T11:30:17.0189363-03:00" endTime="2025-12-01T11:30:17.0251673-03:00" testType="13cdc9d9-ddb5-4fa4-a97d-d965ccfc6d4b" outcome="Passed" testListId="8c84fa94-04c1-424b-9868-57a2d4851a1d" relativeResultsDirectory="2f3ea3ab-8a89-4037-abb8-28327f2f8898" />
    <UnitTestResult executionId="7114d10c-a246-4c7a-80e8-39dbd51b7664" testId="498372ad-30f5-199f-0876-7e9535573f06" testName="OnUpdate_Fechada_AtualizaDataConclusaoELanca" computerName="VINICIUS-SILVA" duration="00:00:00.0010000" startTime="2025-12-01T11:30:16.8872207-03:00" endTime="2025-12-01T11:30:16.8887284-03:00" testType="13cdc9d9-ddb5-4fa4-a97d-d965ccfc6d4b" outcome="Passed" testListId="8c84fa94-04c1-424b-9868-57a2d4851a1d" relativeResultsDirectory="7114d10c-a246-4c7a-80e8-39dbd51b7664" />
    <UnitTestResult executionId="e46ae0e8-91b8-4f96-831d-4ab90228eda3" testId="db3a5711-846d-80de-10a0-7b6ff2cd7686" testName="UpdatePlugin_Execute_OcorrenciaFechada_TentandoAlterarDescricao_DeveLancarExcecao" computerName="VINICIUS-SILVA" duration="00:00:00.0010000" startTime="2025-12-01T11:30:16.9688169-03:00" endTime="2025-12-01T11:30:16.9703286-03:00" testType="13cdc9d9-ddb5-4fa4-a97d-d965ccfc6d4b" outcome="Failed" testListId="8c84fa94-04c1-424b-9868-57a2d4851a1d" relativeResultsDirectory="e46ae0e8-91b8-4f96-831d-4ab90228eda3">
      <Output>
        <ErrorInfo>
          <Message>  Expected: String containing "Descrição"&#xD;
  But was:  "Ocorrência fechada não pode ser alterada."&#xD;
</Message>
          <StackTrace>   em AvaEdu.Tests.PluginIntegrationTests.UpdatePlugin_Execute_OcorrenciaFechada_TentandoAlterarDescricao_DeveLancarExcecao() na c:\Users\Conta\OneDrive\Documentos\AvaEdu\Tests\PluginIntegrationTests.cs:linha 257&#xD;

1)    em AvaEdu.Tests.PluginIntegrationTests.UpdatePlugin_Execute_OcorrenciaFechada_TentandoAlterarDescricao_DeveLancarExcecao() na c:\Users\Conta\OneDrive\Documentos\AvaEdu\Tests\PluginIntegrationTests.cs:linha 257&#xD;

</StackTrace>
        </ErrorInfo>
      </Output>
    </UnitTestResult>
    <UnitTestResult executionId="858d5830-f134-4d3c-8431-10e5153d5e10" testId="d3b22399-305f-a821-9c86-991f89ba3007" testName="Test_17" computerName="VINICIUS-SILVA" duration="00:00:00.0060000" startTime="2025-12-01T11:30:17.0119338-03:00" endTime="2025-12-01T11:30:17.0179356-03:00" testType="13cdc9d9-ddb5-4fa4-a97d-d965ccfc6d4b" outcome="Passed" testListId="8c84fa94-04c1-424b-9868-57a2d4851a1d" relativeResultsDirectory="858d5830-f134-4d3c-8431-10e5153d5e10" />
    <UnitTestResult executionId="a896e36e-d1aa-4284-916f-cc0b6356d674" testId="684cd1d1-4bb5-d9cc-6400-79e46034f17f" testName="CreatePlugin_Execute_ComDadosValidos_DeveCriarComSucesso" computerName="VINICIUS-SILVA" duration="00:00:00.0080000" startTime="2025-12-01T11:30:16.9007581-03:00" endTime="2025-12-01T11:30:16.9077587-03:00" testType="13cdc9d9-ddb5-4fa4-a97d-d965ccfc6d4b" outcome="Passed" testListId="8c84fa94-04c1-424b-9868-57a2d4851a1d" relativeResultsDirectory="a896e36e-d1aa-4284-916f-cc0b6356d674" />
    <UnitTestResult executionId="8a31215b-5d33-4963-8ff3-a549e6843df9" testId="53b1fda3-0019-3a73-7d0e-fe784f1155dc" testName="OnCreate_SemAssunto_NaoVerificaDuplicidade" computerName="VINICIUS-SILVA" duration="00:00:00.0010000" startTime="2025-12-01T11:30:16.8777030-03:00" endTime="2025-12-01T11:30:16.8792112-03:00" testType="13cdc9d9-ddb5-4fa4-a97d-d965ccfc6d4b" outcome="Passed" testListId="8c84fa94-04c1-424b-9868-57a2d4851a1d" relativeResultsDirectory="8a31215b-5d33-4963-8ff3-a549e6843df9" />
    <UnitTestResult executionId="10f79fc6-f0ce-429d-8213-613d11cfe916" testId="149fa79d-e521-b4ad-fda4-9742c2bd4490" testName="RetrievePrazoRespostaHoras_ValorGrande" computerName="VINICIUS-SILVA" duration="00:00:00.0010000" startTime="2025-12-01T11:30:16.8077480-03:00" endTime="2025-12-01T11:30:16.8087492-03:00" testType="13cdc9d9-ddb5-4fa4-a97d-d965ccfc6d4b" outcome="Passed" testListId="8c84fa94-04c1-424b-9868-57a2d4851a1d" relativeResultsDirectory="10f79fc6-f0ce-429d-8213-613d11cfe916" />
    <UnitTestResult executionId="068dd953-1bb9-461e-a9bd-ebb99ab90105" testId="62db81a5-6881-388e-9b9e-105b248650da" testName="CreatePlugin_Execute_ComDuplicidade_DeveLancarExcecao" computerName="VINICIUS-SILVA" duration="00:00:00.0070000" startTime="2025-12-01T11:30:16.9077587-03:00" endTime="2025-12-01T11:30:16.9149249-03:00" testType="13cdc9d9-ddb5-4fa4-a97d-d965ccfc6d4b" outcome="Passed" testListId="8c84fa94-04c1-424b-9868-57a2d4851a1d" relativeResultsDirectory="068dd953-1bb9-461e-a9bd-ebb99ab90105" />
    <UnitTestResult executionId="21dcf6c4-d007-40e4-9ecf-72064b6b0a27" testId="1b8bcb4c-c76a-804b-710e-7ddea3a74c95" testName="ExistsAbertaMesmoCpfTipoAssunto_True_MultiplasCombinacoes" computerName="VINICIUS-SILVA" duration="00:00:00.0150000" startTime="2025-12-01T11:30:16.7897156-03:00" endTime="2025-12-01T11:30:16.8037495-03:00" testType="13cdc9d9-ddb5-4fa4-a97d-d965ccfc6d4b" outcome="Passed" testListId="8c84fa94-04c1-424b-9868-57a2d4851a1d" relativeResultsDirectory="21dcf6c4-d007-40e4-9ecf-72064b6b0a27" />
    <UnitTestResult executionId="5c886ac5-8c89-4cd2-9668-00331790afcf" testId="0bcdb7d2-9a6b-7e30-31ed-fdfd2a39e9bc" testName="Test_0" computerName="VINICIUS-SILVA" duration="00:00:00.0010000" startTime="2025-12-01T11:30:16.9808487-03:00" endTime="2025-12-01T11:30:16.9818447-03:00" testType="13cdc9d9-ddb5-4fa4-a97d-d965ccfc6d4b" outcome="Passed" testListId="8c84fa94-04c1-424b-9868-57a2d4851a1d" relativeResultsDirectory="5c886ac5-8c89-4cd2-9668-00331790afcf">
      <Output>
        <StdOut>Placeholder para critério: [Test scenario 1]</StdOut>
      </Output>
    </UnitTestResult>
    <UnitTestResult executionId="2404142f-aa1c-42fa-b431-a42c5e720af2" testId="a6964641-2fb4-bd35-15ad-2a9163c9fa1b" testName="ExistsAbertaMesmoCpfTipoAssunto_False_AssuntoNull" computerName="VINICIUS-SILVA" duration="00:00:00.0000001" startTime="2025-12-01T11:30:16.7409804-03:00" endTime="2025-12-01T11:30:16.7409804-03:00" testType="13cdc9d9-ddb5-4fa4-a97d-d965ccfc6d4b" outcome="Passed" testListId="8c84fa94-04c1-424b-9868-57a2d4851a1d" relativeResultsDirectory="2404142f-aa1c-42fa-b431-a42c5e720af2" />
    <UnitTestResult executionId="36e9edb5-0ebf-4297-ba15-1c518292ff91" testId="ff8a1754-1880-2dd0-28a9-219710fdc5e3" testName="ExistsAbertaMesmoCpfTipoAssunto_True" computerName="VINICIUS-SILVA" duration="00:00:00.0080000" startTime="2025-12-01T11:30:16.7812102-03:00" endTime="2025-12-01T11:30:16.7897156-03:00" testType="13cdc9d9-ddb5-4fa4-a97d-d965ccfc6d4b" outcome="Passed" testListId="8c84fa94-04c1-424b-9868-57a2d4851a1d" relativeResultsDirectory="36e9edb5-0ebf-4297-ba15-1c518292ff91" />
    <UnitTestResult executionId="9991d8d4-d9f9-4d73-86cc-ec8d4501f132" testId="5fdcd235-2b65-b0a6-2749-df384acbb7bd" testName="IsFechada_False_SemStatus" computerName="VINICIUS-SILVA" duration="00:00:00.0000001" startTime="2025-12-01T11:30:16.8047480-03:00" endTime="2025-12-01T11:30:16.8047480-03:00" testType="13cdc9d9-ddb5-4fa4-a97d-d965ccfc6d4b" outcome="Passed" testListId="8c84fa94-04c1-424b-9868-57a2d4851a1d" relativeResultsDirectory="9991d8d4-d9f9-4d73-86cc-ec8d4501f132" />
    <UnitTestResult executionId="45074a1c-b948-4a34-b4f9-24f284759db7" testId="014dcf73-4d00-ab64-d625-74cb3b322081" testName="OnUpdate_DetectaDuplicado" computerName="VINICIUS-SILVA" duration="00:00:00.0010000" startTime="2025-12-01T11:30:16.8872207-03:00" endTime="2025-12-01T11:30:16.8872207-03:00" testType="13cdc9d9-ddb5-4fa4-a97d-d965ccfc6d4b" outcome="Passed" testListId="8c84fa94-04c1-424b-9868-57a2d4851a1d" relativeResultsDirectory="45074a1c-b948-4a34-b4f9-24f284759db7" />
    <UnitTestResult executionId="e2ece7fd-246e-449f-a72c-82dce843e3e5" testId="7a311aa3-21b6-ebc0-cba8-3da58b35d8d0" testName="OnCreate_AtribuiDataCriacaoEExpiracao_ComPrazoDoTipo" computerName="VINICIUS-SILVA" duration="00:00:00.0580000" startTime="2025-12-01T11:30:16.8159184-03:00" endTime="2025-12-01T11:30:16.8737006-03:00" testType="13cdc9d9-ddb5-4fa4-a97d-d965ccfc6d4b" outcome="Failed" testListId="8c84fa94-04c1-424b-9868-57a2d4851a1d" relativeResultsDirectory="e2ece7fd-246e-449f-a72c-82dce843e3e5">
      <Output>
        <ErrorInfo>
          <Message>  Expected: 2025-12-01 19:30:16.8179164&#xD;
  But was:  2025-12-01 19:30:16.8189207&#xD;
</Message>
          <StackTrace>   em AvaEdu.Tests.OcorrenciaServiceTests.OnCreate_AtribuiDataCriacaoEExpiracao_ComPrazoDoTipo() na c:\Users\Conta\OneDrive\Documentos\AvaEdu\Tests\OcorrenciaServiceTests.cs:linha 68&#xD;

1)    em AvaEdu.Tests.OcorrenciaServiceTests.OnCreate_AtribuiDataCriacaoEExpiracao_ComPrazoDoTipo() na c:\Users\Conta\OneDrive\Documentos\AvaEdu\Tests\OcorrenciaServiceTests.cs:linha 68&#xD;

</StackTrace>
        </ErrorInfo>
      </Output>
    </UnitTestResult>
    <UnitTestResult executionId="1b992b47-d956-4d31-aa18-28f4c2b2ae0f" testId="8642847e-7acf-612f-433e-ee10019767dd" testName="UpdatePlugin_Execute_OcorrenciaFechada_TentandoAlterarNome_DeveLancarExcecao" computerName="VINICIUS-SILVA" duration="00:00:00.0010000" startTime="2025-12-01T11:30:16.9713327-03:00" endTime="2025-12-01T11:30:16.9723341-03:00" testType="13cdc9d9-ddb5-4fa4-a97d-d965ccfc6d4b" outcome="Failed" testListId="8c84fa94-04c1-424b-9868-57a2d4851a1d" relativeResultsDirectory="1b992b47-d956-4d31-aa18-28f4c2b2ae0f">
      <Output>
        <ErrorInfo>
          <Message>  Expected: String containing "Nome"&#xD;
  But was:  "Ocorrência fechada não pode ser alterada."&#xD;
</Message>
          <StackTrace>   em AvaEdu.Tests.PluginIntegrationTests.UpdatePlugin_Execute_OcorrenciaFechada_TentandoAlterarNome_DeveLancarExcecao() na c:\Users\Conta\OneDrive\Documentos\AvaEdu\Tests\PluginIntegrationTests.cs:linha 203&#xD;

1)    em AvaEdu.Tests.PluginIntegrationTests.UpdatePlugin_Execute_OcorrenciaFechada_TentandoAlterarNome_DeveLancarExcecao() na c:\Users\Conta\OneDrive\Documentos\AvaEdu\Tests\PluginIntegrationTests.cs:linha 203&#xD;

</StackTrace>
        </ErrorInfo>
      </Output>
    </UnitTestResult>
    <UnitTestResult executionId="2faae4d2-a850-46bb-b550-b420cd231d4d" testId="9ff2e847-35d8-4760-fe13-93dd4cd6ffb4" testName="Test_16" computerName="VINICIUS-SILVA" duration="00:00:00.0070000" startTime="2025-12-01T11:30:17.0057819-03:00" endTime="2025-12-01T11:30:17.0119338-03:00" testType="13cdc9d9-ddb5-4fa4-a97d-d965ccfc6d4b" outcome="Passed" testListId="8c84fa94-04c1-424b-9868-57a2d4851a1d" relativeResultsDirectory="2faae4d2-a850-46bb-b550-b420cd231d4d" />
    <UnitTestResult executionId="e8a20bd9-5055-4b50-8c01-20872bd6fad2" testId="1c615871-4556-4ebe-0213-98157958960e" testName="IsFechada_False_EntidadeNull" computerName="VINICIUS-SILVA" duration="00:00:00.0010000" startTime="2025-12-01T11:30:16.8037495-03:00" endTime="2025-12-01T11:30:16.8047480-03:00" testType="13cdc9d9-ddb5-4fa4-a97d-d965ccfc6d4b" outcome="Passed" testListId="8c84fa94-04c1-424b-9868-57a2d4851a1d" relativeResultsDirectory="e8a20bd9-5055-4b50-8c01-20872bd6fad2" />
    <UnitTestResult executionId="79a89933-334e-435e-a33f-5dee9a5a4727" testId="e5f186eb-d54d-0165-c0c0-b40bca779d05" testName="DeletePlugin_Execute_OcorrenciaAberta_DevePermitirDelecao" computerName="VINICIUS-SILVA" duration="00:00:00.0010000" startTime="2025-12-01T11:30:16.9211880-03:00" endTime="2025-12-01T11:30:16.9221905-03:00" testType="13cdc9d9-ddb5-4fa4-a97d-d965ccfc6d4b" outcome="Passed" testListId="8c84fa94-04c1-424b-9868-57a2d4851a1d" relativeResultsDirectory="79a89933-334e-435e-a33f-5dee9a5a4727" />
    <UnitTestResult executionId="b5a347bc-e5c9-4bc4-ba99-c6e484cfe7df" testId="834d9d9a-2c05-9306-a71c-2328413c4869" testName="OnUpdate_TipoAlterado_RecalculaExpiracao" computerName="VINICIUS-SILVA" duration="00:00:00.0010000" startTime="2025-12-01T11:30:16.8987515-03:00" endTime="2025-12-01T11:30:16.8997603-03:00" testType="13cdc9d9-ddb5-4fa4-a97d-d965ccfc6d4b" outcome="Passed" testListId="8c84fa94-04c1-424b-9868-57a2d4851a1d" relativeResultsDirectory="b5a347bc-e5c9-4bc4-ba99-c6e484cfe7df" />
    <UnitTestResult executionId="b3f22bd3-6603-4fd3-ba97-4878b8bef2e1" testId="3f051c54-4984-1d71-ba92-38c2abab7855" testName="RetrievePrazoRespostaHoras_Null_TipoRefNull" computerName="VINICIUS-SILVA" duration="00:00:00.0000001" startTime="2025-12-01T11:30:16.8077480-03:00" endTime="2025-12-01T11:30:16.8077480-03:00" testType="13cdc9d9-ddb5-4fa4-a97d-d965ccfc6d4b" outcome="Passed" testListId="8c84fa94-04c1-424b-9868-57a2d4851a1d" relativeResultsDirectory="b3f22bd3-6603-4fd3-ba97-4878b8bef2e1" />
    <UnitTestResult executionId="eed027c1-a1e1-4367-89b5-1c1c39f1f6bb" testId="0928f2ad-6713-93e5-6553-4954f74bb297" testName="ExistsAbertaMesmoCpfTipoAssunto_False_IgnoresId" computerName="VINICIUS-SILVA" duration="00:00:00.0090000" startTime="2025-12-01T11:30:16.7520370-03:00" endTime="2025-12-01T11:30:16.7611860-03:00" testType="13cdc9d9-ddb5-4fa4-a97d-d965ccfc6d4b" outcome="Passed" testListId="8c84fa94-04c1-424b-9868-57a2d4851a1d" relativeResultsDirectory="eed027c1-a1e1-4367-89b5-1c1c39f1f6bb" />
    <UnitTestResult executionId="5bf511da-4fa4-43ac-920a-d42db0b680ed" testId="3978d6cd-2474-4eba-61bc-ebed9e5c91f1" testName="Test_14" computerName="VINICIUS-SILVA" duration="00:00:00.0070000" startTime="2025-12-01T11:30:16.9908910-03:00" endTime="2025-12-01T11:30:16.9987750-03:00" testType="13cdc9d9-ddb5-4fa4-a97d-d965ccfc6d4b" outcome="Passed" testListId="8c84fa94-04c1-424b-9868-57a2d4851a1d" relativeResultsDirectory="5bf511da-4fa4-43ac-920a-d42db0b680ed" />
    <UnitTestResult executionId="9e89633f-436d-4a5f-8b8a-e2b2489b6ffa" testId="a2bf1719-9d59-3336-94bf-4387dd4be3c8" testName="Test_2" computerName="VINICIUS-SILVA" duration="00:00:00.0000001" startTime="2025-12-01T11:30:17.0261655-03:00" endTime="2025-12-01T11:30:17.0271639-03:00" testType="13cdc9d9-ddb5-4fa4-a97d-d965ccfc6d4b" outcome="Passed" testListId="8c84fa94-04c1-424b-9868-57a2d4851a1d" relativeResultsDirectory="9e89633f-436d-4a5f-8b8a-e2b2489b6ffa">
      <Output>
        <StdOut>Placeholder para critério: [Edge case 1]</StdOut>
      </Output>
    </UnitTestResult>
    <UnitTestResult executionId="0a2604b4-ec9d-43d7-996b-ca45d16ae2a7" testId="65a7f595-532d-54f0-84d9-2bc3bfbaea3b" testName="OnCreate_DetectaDuplicado" computerName="VINICIUS-SILVA" duration="00:00:00.0030000" startTime="2025-12-01T11:30:16.8747026-03:00" endTime="2025-12-01T11:30:16.8777030-03:00" testType="13cdc9d9-ddb5-4fa4-a97d-d965ccfc6d4b" outcome="Passed" testListId="8c84fa94-04c1-424b-9868-57a2d4851a1d" relativeResultsDirectory="0a2604b4-ec9d-43d7-996b-ca45d16ae2a7" />
    <UnitTestResult executionId="70b3f2a9-7a22-45a4-a9f9-bb1ccdf00755" testId="0c20363e-cb50-b045-efe1-53ca9ecd379f" testName="OnUpdate_TipoNaoAlterado_NaoRecalculaExpiracao" computerName="VINICIUS-SILVA" duration="00:00:00.0010000" startTime="2025-12-01T11:30:16.8997603-03:00" endTime="2025-12-01T11:30:16.9007581-03:00" testType="13cdc9d9-ddb5-4fa4-a97d-d965ccfc6d4b" outcome="Passed" testListId="8c84fa94-04c1-424b-9868-57a2d4851a1d" relativeResultsDirectory="70b3f2a9-7a22-45a4-a9f9-bb1ccdf00755" />
    <UnitTestResult executionId="7912ec10-084d-43ad-8d49-e41f9e8f2df8" testId="57460042-dd5d-88c7-911e-4994a13eadc2" testName="RetrievePrazoRespostaHoras_Null" computerName="VINICIUS-SILVA" duration="00:00:00.0010000" startTime="2025-12-01T11:30:16.8067481-03:00" endTime="2025-12-01T11:30:16.8077480-03:00" testType="13cdc9d9-ddb5-4fa4-a97d-d965ccfc6d4b" outcome="Passed" testListId="8c84fa94-04c1-424b-9868-57a2d4851a1d" relativeResultsDirectory="7912ec10-084d-43ad-8d49-e41f9e8f2df8" />
    <UnitTestResult executionId="3155d6a2-9c93-424a-b483-d758afaf0da3" testId="3c55a5cd-c915-50f3-1195-9c403f8c0640" testName="UpdatePlugin_Execute_AlterandoTipo_DeveRecalcularExpiracao" computerName="VINICIUS-SILVA" duration="00:00:00.0080000" startTime="2025-12-01T11:30:16.9327003-03:00" endTime="2025-12-01T11:30:16.9402122-03:00" testType="13cdc9d9-ddb5-4fa4-a97d-d965ccfc6d4b" outcome="Passed" testListId="8c84fa94-04c1-424b-9868-57a2d4851a1d" relativeResultsDirectory="3155d6a2-9c93-424a-b483-d758afaf0da3" />
    <UnitTestResult executionId="b087bb26-085d-4009-bf2d-2e4207998e34" testId="9289cf03-5f6c-7141-ab0d-4b62be5967c7" testName="Create_Retrieve_Update" computerName="VINICIUS-SILVA" duration="00:00:00.0300000" startTime="2025-12-01T11:30:16.6168937-03:00" endTime="2025-12-01T11:30:16.6470064-03:00" testType="13cdc9d9-ddb5-4fa4-a97d-d965ccfc6d4b" outcome="Passed" testListId="8c84fa94-04c1-424b-9868-57a2d4851a1d" relativeResultsDirectory="b087bb26-085d-4009-bf2d-2e4207998e34" />
    <UnitTestResult executionId="c7d5d72f-2205-4b5c-b373-adbe7839b99d" testId="ae81806c-0389-c11d-6081-f4e152b8b434" testName="CreatePlugin_Execute_SemPrazoNoTipo_UsaPrazoDefault" computerName="VINICIUS-SILVA" duration="00:00:00.0070000" startTime="2025-12-01T11:30:16.9149249-03:00" endTime="2025-12-01T11:30:16.9211880-03:00" testType="13cdc9d9-ddb5-4fa4-a97d-d965ccfc6d4b" outcome="Passed" testListId="8c84fa94-04c1-424b-9868-57a2d4851a1d" relativeResultsDirectory="c7d5d72f-2205-4b5c-b373-adbe7839b99d" />
    <UnitTestResult executionId="74a87ef4-247b-4038-9f9b-db3b83c2691a" testId="fec84c69-5729-817d-7671-e99d7aebca76" testName="OnCreate_ComDataCriacaoJaDefinida_NaoSubstitui" computerName="VINICIUS-SILVA" duration="00:00:00.0010000" startTime="2025-12-01T11:30:16.8737006-03:00" endTime="2025-12-01T11:30:16.8747026-03:00" testType="13cdc9d9-ddb5-4fa4-a97d-d965ccfc6d4b" outcome="Passed" testListId="8c84fa94-04c1-424b-9868-57a2d4851a1d" relativeResultsDirectory="74a87ef4-247b-4038-9f9b-db3b83c2691a" />
    <UnitTestResult executionId="5a60bf0f-52c5-4b8e-840c-b49d5e06f78a" testId="e0381cd5-3a5d-8246-a7c4-be4edd9fab98" testName="Test_3" computerName="VINICIUS-SILVA" duration="00:00:00.0000001" startTime="2025-12-01T11:30:17.0291671-03:00" endTime="2025-12-01T11:30:17.0291671-03:00" testType="13cdc9d9-ddb5-4fa4-a97d-d965ccfc6d4b" outcome="Passed" testListId="8c84fa94-04c1-424b-9868-57a2d4851a1d" relativeResultsDirectory="5a60bf0f-52c5-4b8e-840c-b49d5e06f78a">
      <Output>
        <StdOut>Placeholder para critério: [Edge case 2]</StdOut>
      </Output>
    </UnitTestResult>
    <UnitTestResult executionId="85e3b47e-c1cc-42a1-8847-c95fdb41b9f1" testId="7075b6a5-3ac1-2052-1113-dfc17a73492c" testName="OnUpdate_Aberta_AlterandoDescricao_DevePermitir" computerName="VINICIUS-SILVA" duration="00:00:00.0020000" startTime="2025-12-01T11:30:16.8842195-03:00" endTime="2025-12-01T11:30:16.8862184-03:00" testType="13cdc9d9-ddb5-4fa4-a97d-d965ccfc6d4b" outcome="Passed" testListId="8c84fa94-04c1-424b-9868-57a2d4851a1d" relativeResultsDirectory="85e3b47e-c1cc-42a1-8847-c95fdb41b9f1" />
    <UnitTestResult executionId="7d78638f-658b-4158-898f-e8bf9be3b40c" testId="5f3a6b52-7db9-0a00-a038-3d3542c148d3" testName="Test_1" computerName="VINICIUS-SILVA" duration="00:00:00.0010000" startTime="2025-12-01T11:30:16.9818447-03:00" endTime="2025-12-01T11:30:16.9828443-03:00" testType="13cdc9d9-ddb5-4fa4-a97d-d965ccfc6d4b" outcome="Passed" testListId="8c84fa94-04c1-424b-9868-57a2d4851a1d" relativeResultsDirectory="7d78638f-658b-4158-898f-e8bf9be3b40c">
      <Output>
        <StdOut>Placeholder para critério: [Test scenario 2]</StdOut>
      </Output>
    </UnitTestResult>
    <UnitTestResult executionId="f7e9508e-829f-4d38-9b70-f8d4638a0d25" testId="a76bc650-9626-a3ff-984d-5b3edcbc6fbe" testName="ExistsAbertaMesmoCpfTipoAssunto_False_NenhumRegistro" computerName="VINICIUS-SILVA" duration="00:00:00.0070000" startTime="2025-12-01T11:30:16.7611860-03:00" endTime="2025-12-01T11:30:16.7681891-03:00" testType="13cdc9d9-ddb5-4fa4-a97d-d965ccfc6d4b" outcome="Passed" testListId="8c84fa94-04c1-424b-9868-57a2d4851a1d" relativeResultsDirectory="f7e9508e-829f-4d38-9b70-f8d4638a0d25" />
    <UnitTestResult executionId="d62db5f5-9afd-41f1-985e-0a6c326064c4" testId="199b9715-a5ed-8b53-47b9-7b244da075e8" testName="UpdatePlugin_Execute_OcorrenciaAberta_AlterandoNome_DevePermitir" computerName="VINICIUS-SILVA" duration="00:00:00.0090000" startTime="2025-12-01T11:30:16.9588103-03:00" endTime="2025-12-01T11:30:16.9678172-03:00" testType="13cdc9d9-ddb5-4fa4-a97d-d965ccfc6d4b" outcome="Passed" testListId="8c84fa94-04c1-424b-9868-57a2d4851a1d" relativeResultsDirectory="d62db5f5-9afd-41f1-985e-0a6c326064c4" />
    <UnitTestResult executionId="fe38529c-1b5a-480f-a009-603ebf4b0200" testId="a80f7d81-0811-5aba-2a64-1384dfa0198c" testName="ExistsAbertaMesmoCpfTipoAssunto_False_TipoDiferente" computerName="VINICIUS-SILVA" duration="00:00:00.0070000" startTime="2025-12-01T11:30:16.7737026-03:00" endTime="2025-12-01T11:30:16.7812102-03:00" testType="13cdc9d9-ddb5-4fa4-a97d-d965ccfc6d4b" outcome="Passed" testListId="8c84fa94-04c1-424b-9868-57a2d4851a1d" relativeResultsDirectory="fe38529c-1b5a-480f-a009-603ebf4b0200" />
    <UnitTestResult executionId="77923dcf-a1c3-40ef-b2c2-d3cd84bd5e57" testId="fdbdf4fe-3c70-da06-44d7-e11223774d7f" testName="OnDelete_EntityReferenceOutraEntidade_NaoFazNada" computerName="VINICIUS-SILVA" duration="00:00:00.0010000" startTime="2025-12-01T11:30:16.8802200-03:00" endTime="2025-12-01T11:30:16.8812210-03:00" testType="13cdc9d9-ddb5-4fa4-a97d-d965ccfc6d4b" outcome="Passed" testListId="8c84fa94-04c1-424b-9868-57a2d4851a1d" relativeResultsDirectory="77923dcf-a1c3-40ef-b2c2-d3cd84bd5e57" />
    <UnitTestResult executionId="46c3b97a-819d-4630-b141-b67de5cf6fd6" testId="2dcdaf3c-13f0-eac2-78d4-9afe8e534108" testName="OnUpdate_Fechada_TentandoAlterarEmail_DeveLancarExcecao" computerName="VINICIUS-SILVA" duration="00:00:00.0010000" startTime="2025-12-01T11:30:16.8942432-03:00" endTime="2025-12-01T11:30:16.8952458-03:00" testType="13cdc9d9-ddb5-4fa4-a97d-d965ccfc6d4b" outcome="Failed" testListId="8c84fa94-04c1-424b-9868-57a2d4851a1d" relativeResultsDirectory="46c3b97a-819d-4630-b141-b67de5cf6fd6">
      <Output>
        <ErrorInfo>
          <Message>  Expected: String containing "Email"&#xD;
  But was:  "Ocorrência fechada não pode ser alterada."&#xD;
</Message>
          <StackTrace>   em AvaEdu.Tests.OcorrenciaServiceTests.OnUpdate_Fechada_TentandoAlterarEmail_DeveLancarExcecao() na c:\Users\Conta\OneDrive\Documentos\AvaEdu\Tests\OcorrenciaServiceTests.cs:linha 198&#xD;

1)    em AvaEdu.Tests.OcorrenciaServiceTests.OnUpdate_Fechada_TentandoAlterarEmail_DeveLancarExcecao() na c:\Users\Conta\OneDrive\Documentos\AvaEdu\Tests\OcorrenciaServiceTests.cs:linha 198&#xD;

</StackTrace>
        </ErrorInfo>
      </Output>
    </UnitTestResult>
    <UnitTestResult executionId="f262c8ce-d541-408c-9d24-152b9cf179d2" testId="f5cb93a9-cdf7-d131-4484-f34adc732d32" testName="OnUpdate_Fechada_TentandoAlterarTipo_DeveLancarExcecao" computerName="VINICIUS-SILVA" duration="00:00:00.0010000" startTime="2025-12-01T11:30:16.8962457-03:00" endTime="2025-12-01T11:30:16.8972469-03:00" testType="13cdc9d9-ddb5-4fa4-a97d-d965ccfc6d4b" outcome="Failed" testListId="8c84fa94-04c1-424b-9868-57a2d4851a1d" relativeResultsDirectory="f262c8ce-d541-408c-9d24-152b9cf179d2">
      <Output>
        <ErrorInfo>
          <Message>  Expected: String containing "Tipo"&#xD;
  But was:  "Ocorrência fechada não pode ser alterada."&#xD;
</Message>
          <StackTrace>   em AvaEdu.Tests.OcorrenciaServiceTests.OnUpdate_Fechada_TentandoAlterarTipo_DeveLancarExcecao() na c:\Users\Conta\OneDrive\Documentos\AvaEdu\Tests\OcorrenciaServiceTests.cs:linha 458&#xD;

1)    em AvaEdu.Tests.OcorrenciaServiceTests.OnUpdate_Fechada_TentandoAlterarTipo_DeveLancarExcecao() na c:\Users\Conta\OneDrive\Documentos\AvaEdu\Tests\OcorrenciaServiceTests.cs:linha 458&#xD;

</StackTrace>
        </ErrorInfo>
      </Output>
    </UnitTestResult>
    <UnitTestResult executionId="4e3468f1-51f2-4eeb-968c-38ec7f0fa4eb" testId="47f05c19-0d0b-4c4c-b4b2-0a862e2cf59c" testName="OnUpdate_Fechada_TentandoAlterarAssunto_DeveLancarExcecao" computerName="VINICIUS-SILVA" duration="00:00:00.0030000" startTime="2025-12-01T11:30:16.8897362-03:00" endTime="2025-12-01T11:30:16.8922409-03:00" testType="13cdc9d9-ddb5-4fa4-a97d-d965ccfc6d4b" outcome="Failed" testListId="8c84fa94-04c1-424b-9868-57a2d4851a1d" relativeResultsDirectory="4e3468f1-51f2-4eeb-968c-38ec7f0fa4eb">
      <Output>
        <ErrorInfo>
          <Message>  Expected: String containing "Assunto"&#xD;
  But was:  "Ocorrência fechada não pode ser alterada."&#xD;
</Message>
          <StackTrace>   em AvaEdu.Tests.OcorrenciaServiceTests.OnUpdate_Fechada_TentandoAlterarAssunto_DeveLancarExcecao() na c:\Users\Conta\OneDrive\Documentos\AvaEdu\Tests\OcorrenciaServiceTests.cs:linha 477&#xD;

1)    em AvaEdu.Tests.OcorrenciaServiceTests.OnUpdate_Fechada_TentandoAlterarAssunto_DeveLancarExcecao() na c:\Users\Conta\OneDrive\Documentos\AvaEdu\Tests\OcorrenciaServiceTests.cs:linha 477&#xD;

</StackTrace>
        </ErrorInfo>
      </Output>
    </UnitTestResult>
    <UnitTestResult executionId="4d7886d5-7b24-4d28-8fde-addbbcbef317" testId="6097cdfc-ca90-9ab1-1cd7-09179040ad0c" testName="DeletePlugin_Execute_OcorrenciaAtrasada_DevePermitirDelecao" computerName="VINICIUS-SILVA" duration="00:00:00.0010000" startTime="2025-12-01T11:30:16.9221905-03:00" endTime="2025-12-01T11:30:16.9231895-03:00" testType="13cdc9d9-ddb5-4fa4-a97d-d965ccfc6d4b" outcome="Passed" testListId="8c84fa94-04c1-424b-9868-57a2d4851a1d" relativeResultsDirectory="4d7886d5-7b24-4d28-8fde-addbbcbef317" />
    <UnitTestResult executionId="2df0c95c-e7ec-4cc4-a134-93487bc29129" testId="dd368ba2-e997-9c2e-fa31-8abb2dac3089" testName="Test_23" computerName="VINICIUS-SILVA" duration="00:00:00.0000001" startTime="2025-12-01T11:30:17.0291671-03:00" endTime="2025-12-01T11:30:17.0291671-03:00" testType="13cdc9d9-ddb5-4fa4-a97d-d965ccfc6d4b" outcome="Passed" testListId="8c84fa94-04c1-424b-9868-57a2d4851a1d" relativeResultsDirectory="2df0c95c-e7ec-4cc4-a134-93487bc29129">
      <Output>
        <StdOut>Placeholder para critério: Se a ocorrência estiver com status **Fechado**, o sistema deve **impedir a exclusão** e lançar exceção apropriada.</StdOut>
      </Output>
    </UnitTestResult>
    <UnitTestResult executionId="78284712-3755-485a-8623-5c025361b357" testId="b10cc465-adaa-fe26-dc86-00c8793c83f5" testName="IsFechada_False_StatusAtrasado" computerName="VINICIUS-SILVA" duration="00:00:00.0000001" startTime="2025-12-01T11:30:16.8057495-03:00" endTime="2025-12-01T11:30:16.8057495-03:00" testType="13cdc9d9-ddb5-4fa4-a97d-d965ccfc6d4b" outcome="Passed" testListId="8c84fa94-04c1-424b-9868-57a2d4851a1d" relativeResultsDirectory="78284712-3755-485a-8623-5c025361b357" />
    <UnitTestResult executionId="4926d85d-6e66-497a-8eb4-0dbd5b34eff9" testId="186f4acc-eee8-2d0d-c185-dfded47f4db2" testName="Test_13" computerName="VINICIUS-SILVA" duration="00:00:00.0010000" startTime="2025-12-01T11:30:16.9898887-03:00" endTime="2025-12-01T11:30:16.9908910-03:00" testType="13cdc9d9-ddb5-4fa4-a97d-d965ccfc6d4b" outcome="Failed" testListId="8c84fa94-04c1-424b-9868-57a2d4851a1d" relativeResultsDirectory="4926d85d-6e66-497a-8eb4-0dbd5b34eff9">
      <Output>
        <ErrorInfo>
          <Message>System.InvalidOperationException : The entity logical name ava_tipodeocorrencia is not valid.</Message>
          <StackTrace>   em FakeXrmEasy.XrmFakedContext.GetRecordUniqueId(EntityReference record, Boolean validate)&#xD;
   em FakeXrmEasy.FakeMessageExecutors.RetrieveRequestExecutor.Execute(OrganizationRequest req, XrmFakedContext context)&#xD;
   em FakeXrmEasy.XrmFakedContext.&lt;&gt;c__DisplayClass54_0.&lt;FakeRetrieve&gt;b__1(String entityName, Guid id, ColumnSet columnSet)&#xD;
   em FakeItEasy.ReturnValueConfigurationExtensions.&lt;&gt;c__DisplayClass12_0`4.&lt;ReturnsLazily&gt;b__0(IFakeObjectCall call)&#xD;
   em FakeItEasy.Configuration.RuleBuilder.ReturnValueConfiguration`1.&lt;&gt;c__DisplayClass28_0.&lt;ReturnsLazily&gt;b__0(IInterceptedFakeObjectCall call)&#xD;
   em FakeItEasy.Configuration.BuildableCallRule.Apply(IInterceptedFakeObjectCall fakeObjectCall)&#xD;
   em FakeItEasy.Core.FakeManager.ApplyBestRule(IInterceptedFakeObjectCall fakeObjectCall)&#xD;
   em FakeItEasy.Core.FakeManager.FakeItEasy.Core.IFakeCallProcessor.Process(InterceptedFakeObjectCall fakeObjectCall)&#xD;
   em Castle.DynamicProxy.AbstractInvocation.Proceed()&#xD;
   em Castle.Proxies.ObjectProxy.Retrieve(String entityName, Guid id, ColumnSet columnSet)&#xD;
   em AvaEdu.Repositories.OcorrenciaRepository.RetrievePrazoRespostaHoras(EntityReference tipoRef, IOrganizationService svc) na c:\Users\Conta\OneDrive\Documentos\AvaEdu\Repositories\Implementations\OcorrenciaRepository.cs:linha 96&#xD;
   em AvaEdu.Services.OcorrenciaService.CalcularDataExpiracao(Entity entity, IOrganizationService service) na c:\Users\Conta\OneDrive\Documentos\AvaEdu\Services\Implementations\OcorrenciaService.cs:linha 121&#xD;
   em AvaEdu.Services.OcorrenciaService.OnCreate(IPluginExecutionContext context, IOrganizationService service) na c:\Users\Conta\OneDrive\Documentos\AvaEdu\Services\Implementations\OcorrenciaService.cs:linha 28&#xD;
   em GeneratedTests.GeneratedOcorrenciaTest_13.Test_13() na c:\Users\Conta\OneDrive\Documentos\AvaEdu\Tests\Generated\GeneratedOcorrenciaTest_13.cs:linha 14
</StackTrace>
        </ErrorInfo>
      </Output>
    </UnitTestResult>
    <UnitTestResult executionId="0f9905f2-8da2-421d-ad36-4e3cb54ec6f3" testId="8c4800e2-f0c7-691a-59c4-418792bc0142" testName="UpdatePlugin_Execute_OcorrenciaAberta_AlterandoDescricao_DevePermitir" computerName="VINICIUS-SILVA" duration="00:00:00.0090000" startTime="2025-12-01T11:30:16.9402122-03:00" endTime="2025-12-01T11:30:16.9492093-03:00" testType="13cdc9d9-ddb5-4fa4-a97d-d965ccfc6d4b" outcome="Passed" testListId="8c84fa94-04c1-424b-9868-57a2d4851a1d" relativeResultsDirectory="0f9905f2-8da2-421d-ad36-4e3cb54ec6f3" />
    <UnitTestResult executionId="5213e15d-3f1e-4753-9d7c-cc1ebb312667" testId="be7b5794-e9a1-cd6a-bfbb-d1cc7184fdd1" testName="RetrievePrazoRespostaHoras_ValorNegativo" computerName="VINICIUS-SILVA" duration="00:00:00.0000001" startTime="2025-12-01T11:30:16.8087492-03:00" endTime="2025-12-01T11:30:16.8087492-03:00" testType="13cdc9d9-ddb5-4fa4-a97d-d965ccfc6d4b" outcome="Passed" testListId="8c84fa94-04c1-424b-9868-57a2d4851a1d" relativeResultsDirectory="5213e15d-3f1e-4753-9d7c-cc1ebb312667" />
    <UnitTestResult executionId="dcb64a9e-21e0-48b0-ae9c-4063c5b8a708" testId="2da4c76f-cc0b-70fb-1d24-efcf57036b27" testName="UpdatePlugin_Execute_OcorrenciaFechada_DeveLancarExcecao" computerName="VINICIUS-SILVA" duration="00:00:00.0010000" startTime="2025-12-01T11:30:16.9678172-03:00" endTime="2025-12-01T11:30:16.9688169-03:00" testType="13cdc9d9-ddb5-4fa4-a97d-d965ccfc6d4b" outcome="Passed" testListId="8c84fa94-04c1-424b-9868-57a2d4851a1d" relativeResultsDirectory="dcb64a9e-21e0-48b0-ae9c-4063c5b8a708" />
    <UnitTestResult executionId="64da43e8-a455-4624-a1a7-f7ef072491eb" testId="e66bdb60-bfe3-d6e9-cee4-1b02895aea6b" testName="OnUpdate_SemPreImage_RecuperaDoRepositorio" computerName="VINICIUS-SILVA" duration="00:00:00.0010000" startTime="2025-12-01T11:30:16.8972469-03:00" endTime="2025-12-01T11:30:16.8987515-03:00" testType="13cdc9d9-ddb5-4fa4-a97d-d965ccfc6d4b" outcome="Passed" testListId="8c84fa94-04c1-424b-9868-57a2d4851a1d" relativeResultsDirectory="64da43e8-a455-4624-a1a7-f7ef072491eb" />
    <UnitTestResult executionId="acd82d80-cc9b-48ec-be33-afc58f17b882" testId="150ed217-7a91-0638-d346-96741a585c02" testName="Test_19" computerName="VINICIUS-SILVA" duration="00:00:00.0010000" startTime="2025-12-01T11:30:17.0251673-03:00" endTime="2025-12-01T11:30:17.0261655-03:00" testType="13cdc9d9-ddb5-4fa4-a97d-d965ccfc6d4b" outcome="Passed" testListId="8c84fa94-04c1-424b-9868-57a2d4851a1d" relativeResultsDirectory="acd82d80-cc9b-48ec-be33-afc58f17b882">
      <Output>
        <StdOut>Placeholder para critério: Se a ocorrência estiver com status **Fechado**, qualquer tentativa de alteração em `Nome`, `Email`, `Descrição` ou `CPF` deve ser impedida, lançando exceção.</StdOut>
      </Output>
    </UnitTestResult>
    <UnitTestResult executionId="c2bf7941-629b-4919-8edd-f5d8f9f3050d" testId="cf23601b-dd28-95e1-f8f9-fc192ce99d1f" testName="Create_RetornaGuidValido" computerName="VINICIUS-SILVA" duration="00:00:00.3910000" startTime="2025-12-01T11:30:16.2237852-03:00" endTime="2025-12-01T11:30:16.6148932-03:00" testType="13cdc9d9-ddb5-4fa4-a97d-d965ccfc6d4b" outcome="Passed" testListId="8c84fa94-04c1-424b-9868-57a2d4851a1d" relativeResultsDirectory="c2bf7941-629b-4919-8edd-f5d8f9f3050d" />
    <UnitTestResult executionId="361c3a6c-c0ab-4f59-b24a-a2ed0cce0ccc" testId="cb432d6f-0e18-b163-82c2-ba28f46196be" testName="OnUpdate_MudandoParaFechado_DefineDataConclusao" computerName="VINICIUS-SILVA" duration="00:00:00.0000001" startTime="2025-12-01T11:30:16.8972469-03:00" endTime="2025-12-01T11:30:16.8972469-03:00" testType="13cdc9d9-ddb5-4fa4-a97d-d965ccfc6d4b" outcome="Passed" testListId="8c84fa94-04c1-424b-9868-57a2d4851a1d" relativeResultsDirectory="361c3a6c-c0ab-4f59-b24a-a2ed0cce0ccc" />
    <UnitTestResult executionId="43010f51-39d4-442a-adff-86f9a3138617" testId="fc0d8398-c44b-915a-1489-db9a09e7ec8e" testName="Test_5" computerName="VINICIUS-SILVA" duration="00:00:00.0000001" startTime="2025-12-01T11:30:17.0303504-03:00" endTime="2025-12-01T11:30:17.0303504-03:00" testType="13cdc9d9-ddb5-4fa4-a97d-d965ccfc6d4b" outcome="Passed" testListId="8c84fa94-04c1-424b-9868-57a2d4851a1d" relativeResultsDirectory="43010f51-39d4-442a-adff-86f9a3138617">
      <Output>
        <StdOut>Placeholder para critério: [Error condition 2]</StdOut>
      </Output>
    </UnitTestResult>
    <UnitTestResult executionId="3620db58-50c5-43db-9317-15d783327878" testId="c5f8fd46-ed6e-1ff7-5079-bdca578f3fcd" testName="OnUpdate_StatusFechadoComDataConclusao_NaoAtualizaNovamente" computerName="VINICIUS-SILVA" duration="00:00:00.0010000" startTime="2025-12-01T11:30:16.8987515-03:00" endTime="2025-12-01T11:30:16.8987515-03:00" testType="13cdc9d9-ddb5-4fa4-a97d-d965ccfc6d4b" outcome="Passed" testListId="8c84fa94-04c1-424b-9868-57a2d4851a1d" relativeResultsDirectory="3620db58-50c5-43db-9317-15d783327878" />
    <UnitTestResult executionId="db0123e1-9761-4784-a374-52c5dd5dd07c" testId="9ed02467-d78b-5262-d37f-466af182feb6" testName="RetrievePrazoRespostaHoras_Value" computerName="VINICIUS-SILVA" duration="00:00:00.0000001" startTime="2025-12-01T11:30:16.8139177-03:00" endTime="2025-12-01T11:30:16.8139177-03:00" testType="13cdc9d9-ddb5-4fa4-a97d-d965ccfc6d4b" outcome="Passed" testListId="8c84fa94-04c1-424b-9868-57a2d4851a1d" relativeResultsDirectory="db0123e1-9761-4784-a374-52c5dd5dd07c" />
    <UnitTestResult executionId="a8332dc4-782c-43a2-bc9e-a711322225a4" testId="f7c985d1-bfa1-af1c-dd20-5f04dfffbbd0" testName="OnCreate_SemCpf_NaoVerificaDuplicidade" computerName="VINICIUS-SILVA" duration="00:00:00.0000001" startTime="2025-12-01T11:30:16.8792112-03:00" endTime="2025-12-01T11:30:16.8802200-03:00" testType="13cdc9d9-ddb5-4fa4-a97d-d965ccfc6d4b" outcome="Passed" testListId="8c84fa94-04c1-424b-9868-57a2d4851a1d" relativeResultsDirectory="a8332dc4-782c-43a2-bc9e-a711322225a4" />
    <UnitTestResult executionId="fdd2f755-92cb-4bfb-b75f-ef98973b8b3b" testId="689ca76a-1786-3bb9-4e54-a3a1c3a76f3b" testName="OnUpdate_Fechada_NomeSemAlteracao_DeveLancarExcecaoGenerica" computerName="VINICIUS-SILVA" duration="00:00:00.0010000" startTime="2025-12-01T11:30:16.8887284-03:00" endTime="2025-12-01T11:30:16.8897362-03:00" testType="13cdc9d9-ddb5-4fa4-a97d-d965ccfc6d4b" outcome="Passed" testListId="8c84fa94-04c1-424b-9868-57a2d4851a1d" relativeResultsDirectory="fdd2f755-92cb-4bfb-b75f-ef98973b8b3b" />
    <UnitTestResult executionId="6f9ae394-5e71-43d2-99fa-2389761d434a" testId="824eccab-43e6-1690-5712-6efb5db35f73" testName="Test_20" computerName="VINICIUS-SILVA" duration="00:00:00.0000001" startTime="2025-12-01T11:30:17.0271639-03:00" endTime="2025-12-01T11:30:17.0271639-03:00" testType="13cdc9d9-ddb5-4fa4-a97d-d965ccfc6d4b" outcome="Passed" testListId="8c84fa94-04c1-424b-9868-57a2d4851a1d" relativeResultsDirectory="6f9ae394-5e71-43d2-99fa-2389761d434a">
      <Output>
        <StdOut>Placeholder para critério: Se a ocorrência estiver com status **Fechado**, qualquer tentativa de alteração de `Tipo` ou `Assunto` deve ser impedida, lançando exceção.</StdOut>
      </Output>
    </UnitTestResult>
    <UnitTestResult executionId="514775ed-1773-420e-b2f5-6eddcf5eab21" testId="ad6a5589-5989-ead0-7ad2-8879632fcc3a" testName="DeletePlugin_Execute_OcorrenciaFechada_DeveLancarExcecao" computerName="VINICIUS-SILVA" duration="00:00:00.0010000" startTime="2025-12-01T11:30:16.9231895-03:00" endTime="2025-12-01T11:30:16.9231895-03:00" testType="13cdc9d9-ddb5-4fa4-a97d-d965ccfc6d4b" outcome="Passed" testListId="8c84fa94-04c1-424b-9868-57a2d4851a1d" relativeResultsDirectory="514775ed-1773-420e-b2f5-6eddcf5eab21" />
    <UnitTestResult executionId="061d4589-0746-471d-be92-e65e28d57d62" testId="f64190cb-6e1d-cbcc-e0c1-afd907c026a3" testName="ExistsAbertaMesmoCpfTipoAssunto_False_TipoNull" computerName="VINICIUS-SILVA" duration="00:00:00.0000001" startTime="2025-12-01T11:30:16.7812102-03:00" endTime="2025-12-01T11:30:16.7812102-03:00" testType="13cdc9d9-ddb5-4fa4-a97d-d965ccfc6d4b" outcome="Passed" testListId="8c84fa94-04c1-424b-9868-57a2d4851a1d" relativeResultsDirectory="061d4589-0746-471d-be92-e65e28d57d62" />
    <UnitTestResult executionId="6c0c331f-9679-4a1d-98ac-f39567ab4353" testId="79990c8e-b5c3-85e3-8324-0ed5fb50ebe1" testName="OnUpdate_Aberta_AlterandoNome_DevePermitir" computerName="VINICIUS-SILVA" duration="00:00:00.0010000" startTime="2025-12-01T11:30:16.8862184-03:00" endTime="2025-12-01T11:30:16.8872207-03:00" testType="13cdc9d9-ddb5-4fa4-a97d-d965ccfc6d4b" outcome="Passed" testListId="8c84fa94-04c1-424b-9868-57a2d4851a1d" relativeResultsDirectory="6c0c331f-9679-4a1d-98ac-f39567ab4353" />
    <UnitTestResult executionId="c66b8963-3602-4a38-ab4c-35943d0f02b4" testId="a2c7132c-fbd4-4f56-b8c1-1943ccfebb60" testName="Test_10" computerName="VINICIUS-SILVA" duration="00:00:00.0000001" startTime="2025-12-01T11:30:16.9828443-03:00" endTime="2025-12-01T11:30:16.9838474-03:00" testType="13cdc9d9-ddb5-4fa4-a97d-d965ccfc6d4b" outcome="Passed" testListId="8c84fa94-04c1-424b-9868-57a2d4851a1d" relativeResultsDirectory="c66b8963-3602-4a38-ab4c-35943d0f02b4">
      <Output>
        <StdOut>Placeholder para critério: **Experiment:** [Description]</StdOut>
      </Output>
    </UnitTestResult>
    <UnitTestResult executionId="c1ccddeb-fcc4-47c9-94ee-fadda3f8f014" testId="e901654e-fe20-f545-e602-5a2bc0c5a8c2" testName="Test_12" computerName="VINICIUS-SILVA" duration="00:00:00.0050000" startTime="2025-12-01T11:30:16.9838474-03:00" endTime="2025-12-01T11:30:16.9898887-03:00" testType="13cdc9d9-ddb5-4fa4-a97d-d965ccfc6d4b" outcome="Failed" testListId="8c84fa94-04c1-424b-9868-57a2d4851a1d" relativeResultsDirectory="c1ccddeb-fcc4-47c9-94ee-fadda3f8f014">
      <Output>
        <ErrorInfo>
          <Message>System.InvalidOperationException : The entity logical name ava_tipodeocorrencia is not valid.</Message>
          <StackTrace>   em FakeXrmEasy.XrmFakedContext.GetRecordUniqueId(EntityReference record, Boolean validate)&#xD;
   em FakeXrmEasy.FakeMessageExecutors.RetrieveRequestExecutor.Execute(OrganizationRequest req, XrmFakedContext context)&#xD;
   em FakeXrmEasy.XrmFakedContext.&lt;&gt;c__DisplayClass54_0.&lt;FakeRetrieve&gt;b__1(String entityName, Guid id, ColumnSet columnSet)&#xD;
   em FakeItEasy.ReturnValueConfigurationExtensions.&lt;&gt;c__DisplayClass12_0`4.&lt;ReturnsLazily&gt;b__0(IFakeObjectCall call)&#xD;
   em FakeItEasy.Configuration.RuleBuilder.ReturnValueConfiguration`1.&lt;&gt;c__DisplayClass28_0.&lt;ReturnsLazily&gt;b__0(IInterceptedFakeObjectCall call)&#xD;
   em FakeItEasy.Configuration.BuildableCallRule.Apply(IInterceptedFakeObjectCall fakeObjectCall)&#xD;
   em FakeItEasy.Core.FakeManager.ApplyBestRule(IInterceptedFakeObjectCall fakeObjectCall)&#xD;
   em FakeItEasy.Core.FakeManager.FakeItEasy.Core.IFakeCallProcessor.Process(InterceptedFakeObjectCall fakeObjectCall)&#xD;
   em Castle.DynamicProxy.AbstractInvocation.Proceed()&#xD;
   em Castle.Proxies.ObjectProxy.Retrieve(String entityName, Guid id, ColumnSet columnSet)&#xD;
   em AvaEdu.Repositories.OcorrenciaRepository.RetrievePrazoRespostaHoras(EntityReference tipoRef, IOrganizationService svc) na c:\Users\Conta\OneDrive\Documentos\AvaEdu\Repositories\Implementations\OcorrenciaRepository.cs:linha 96&#xD;
   em AvaEdu.Services.OcorrenciaService.CalcularDataExpiracao(Entity entity, IOrganizationService service) na c:\Users\Conta\OneDrive\Documentos\AvaEdu\Services\Implementations\OcorrenciaService.cs:linha 121&#xD;
   em AvaEdu.Services.OcorrenciaService.OnCreate(IPluginExecutionContext context, IOrganizationService service) na c:\Users\Conta\OneDrive\Documentos\AvaEdu\Services\Implementations\OcorrenciaService.cs:linha 28&#xD;
   em GeneratedTests.GeneratedOcorrenciaTest_12.Test_12() na c:\Users\Conta\OneDrive\Documentos\AvaEdu\Tests\Generated\GeneratedOcorrenciaTest_12.cs:linha 14
</StackTrace>
        </ErrorInfo>
      </Output>
    </UnitTestResult>
    <UnitTestResult executionId="e8e8768d-6460-4058-94d6-04f01b65ee2d" testId="ba3b5a2d-bdfa-c9b1-8786-6ba0d4b55b25" testName="Test_21" computerName="VINICIUS-SILVA" duration="00:00:00.0000001" startTime="2025-12-01T11:30:17.0271639-03:00" endTime="2025-12-01T11:30:17.0281638-03:00" testType="13cdc9d9-ddb5-4fa4-a97d-d965ccfc6d4b" outcome="Passed" testListId="8c84fa94-04c1-424b-9868-57a2d4851a1d" relativeResultsDirectory="e8e8768d-6460-4058-94d6-04f01b65ee2d">
      <Output>
        <StdOut>Placeholder para critério: Quando o status da ocorrência for alterado para **Fechado** e ainda não houver data de conclusão, o sistema deve preencher automaticamente a **data de conclusão** com a data/hora atual.</StdOut>
      </Output>
    </UnitTestResult>
    <UnitTestResult executionId="3f5a0841-c397-4c61-a814-c14af4799fbf" testId="b97c0410-4c00-5062-06fb-ee13eccb9ab8" testName="OnUpdate_Fechada_TentandoAlterarDescricao_DeveLancarExcecao" computerName="VINICIUS-SILVA" duration="00:00:00.0010000" startTime="2025-12-01T11:30:16.8942432-03:00" endTime="2025-12-01T11:30:16.8942432-03:00" testType="13cdc9d9-ddb5-4fa4-a97d-d965ccfc6d4b" outcome="Failed" testListId="8c84fa94-04c1-424b-9868-57a2d4851a1d" relativeResultsDirectory="3f5a0841-c397-4c61-a814-c14af4799fbf">
      <Output>
        <ErrorInfo>
          <Message>  Expected: String containing "Descrição"&#xD;
  But was:  "Ocorrência fechada não pode ser alterada."&#xD;
</Message>
          <StackTrace>   em AvaEdu.Tests.OcorrenciaServiceTests.OnUpdate_Fechada_TentandoAlterarDescricao_DeveLancarExcecao() na c:\Users\Conta\OneDrive\Documentos\AvaEdu\Tests\OcorrenciaServiceTests.cs:linha 217&#xD;

1)    em AvaEdu.Tests.OcorrenciaServiceTests.OnUpdate_Fechada_TentandoAlterarDescricao_DeveLancarExcecao() na c:\Users\Conta\OneDrive\Documentos\AvaEdu\Tests\OcorrenciaServiceTests.cs:linha 217&#xD;

</StackTrace>
        </ErrorInfo>
      </Output>
    </UnitTestResult>
    <UnitTestResult executionId="3327f11c-ead4-4c69-90d2-339f2b73bc25" testId="bc143b91-e1e0-3632-0163-3209be5eb7bc" testName="OnDelete_TargetNaoEEntity_NaoFazNada" computerName="VINICIUS-SILVA" duration="00:00:00.0000001" startTime="2025-12-01T11:30:16.8832206-03:00" endTime="2025-12-01T11:30:16.8842195-03:00" testType="13cdc9d9-ddb5-4fa4-a97d-d965ccfc6d4b" outcome="Passed" testListId="8c84fa94-04c1-424b-9868-57a2d4851a1d" relativeResultsDirectory="3327f11c-ead4-4c69-90d2-339f2b73bc25" />
    <UnitTestResult executionId="235f2a6a-9c52-4a84-97e3-b533712182e3" testId="9ecb7883-ff49-98e6-993d-16e9004010f4" testName="ExistsAbertaMesmoCpfTipoAssunto_False_AssuntoDiferente" computerName="VINICIUS-SILVA" duration="00:00:00.0940000" startTime="2025-12-01T11:30:16.6470064-03:00" endTime="2025-12-01T11:30:16.7409804-03:00" testType="13cdc9d9-ddb5-4fa4-a97d-d965ccfc6d4b" outcome="Passed" testListId="8c84fa94-04c1-424b-9868-57a2d4851a1d" relativeResultsDirectory="235f2a6a-9c52-4a84-97e3-b533712182e3" />
    <UnitTestResult executionId="acaa6935-e120-4bec-9d7b-a89a9bc59cdb" testId="4c6e7ebf-1174-bc98-fd70-3980b9f45e66" testName="UpdatePlugin_Execute_StatusMudandoParaFechado_DeveDefinirDataConclusao" computerName="VINICIUS-SILVA" duration="00:00:00.0090000" startTime="2025-12-01T11:30:16.9723341-03:00" endTime="2025-12-01T11:30:16.9808487-03:00" testType="13cdc9d9-ddb5-4fa4-a97d-d965ccfc6d4b" outcome="Passed" testListId="8c84fa94-04c1-424b-9868-57a2d4851a1d" relativeResultsDirectory="acaa6935-e120-4bec-9d7b-a89a9bc59cdb" />
    <UnitTestResult executionId="caf2aeeb-e112-489f-b029-77b64980a2a5" testId="8af1846a-46f7-f92e-e783-f54d2ad567a5" testName="Test_11" computerName="VINICIUS-SILVA" duration="00:00:00.0000001" startTime="2025-12-01T11:30:16.9838474-03:00" endTime="2025-12-01T11:30:16.9838474-03:00" testType="13cdc9d9-ddb5-4fa4-a97d-d965ccfc6d4b" outcome="Passed" testListId="8c84fa94-04c1-424b-9868-57a2d4851a1d" relativeResultsDirectory="caf2aeeb-e112-489f-b029-77b64980a2a5">
      <Output>
        <StdOut>Placeholder para critério: **Experiment:** [Description]</StdOut>
      </Output>
    </UnitTestResult>
    <UnitTestResult executionId="270d4ce2-cd18-4808-a84d-884a94f4c8bf" testId="bf0e6832-7bf9-03bd-2061-a2493e03c805" testName="Test_7" computerName="VINICIUS-SILVA" duration="00:00:00.0000001" startTime="2025-12-01T11:30:17.0313521-03:00" endTime="2025-12-01T11:30:17.0313521-03:00" testType="13cdc9d9-ddb5-4fa4-a97d-d965ccfc6d4b" outcome="Passed" testListId="8c84fa94-04c1-424b-9868-57a2d4851a1d" relativeResultsDirectory="270d4ce2-cd18-4808-a84d-884a94f4c8bf">
      <Output>
        <StdOut>Placeholder para critério: **Action:** [Specific action item]</StdOut>
      </Output>
    </UnitTestResult>
    <UnitTestResult executionId="1c81a752-d4f3-4a79-923f-5bf4b754dc2c" testId="c60cbd5f-4371-33ed-8534-ad918a97b1ba" testName="Test_22" computerName="VINICIUS-SILVA" duration="00:00:00.0010000" startTime="2025-12-01T11:30:17.0281638-03:00" endTime="2025-12-01T11:30:17.0281638-03:00" testType="13cdc9d9-ddb5-4fa4-a97d-d965ccfc6d4b" outcome="Failed" testListId="8c84fa94-04c1-424b-9868-57a2d4851a1d" relativeResultsDirectory="1c81a752-d4f3-4a79-923f-5bf4b754dc2c">
      <Output>
        <ErrorInfo>
          <Message>System.InvalidOperationException : The entity logical name ava_tipodeocorrencia is not valid.</Message>
          <StackTrace>   em FakeXrmEasy.XrmFakedContext.GetRecordUniqueId(EntityReference record, Boolean validate)&#xD;
   em FakeXrmEasy.FakeMessageExecutors.RetrieveRequestExecutor.Execute(OrganizationRequest req, XrmFakedContext context)&#xD;
   em FakeXrmEasy.XrmFakedContext.&lt;&gt;c__DisplayClass54_0.&lt;FakeRetrieve&gt;b__1(String entityName, Guid id, ColumnSet columnSet)&#xD;
   em FakeItEasy.ReturnValueConfigurationExtensions.&lt;&gt;c__DisplayClass12_0`4.&lt;ReturnsLazily&gt;b__0(IFakeObjectCall call)&#xD;
   em FakeItEasy.Configuration.RuleBuilder.ReturnValueConfiguration`1.&lt;&gt;c__DisplayClass28_0.&lt;ReturnsLazily&gt;b__0(IInterceptedFakeObjectCall call)&#xD;
   em FakeItEasy.Configuration.BuildableCallRule.Apply(IInterceptedFakeObjectCall fakeObjectCall)&#xD;
   em FakeItEasy.Core.FakeManager.ApplyBestRule(IInterceptedFakeObjectCall fakeObjectCall)&#xD;
   em FakeItEasy.Core.FakeManager.FakeItEasy.Core.IFakeCallProcessor.Process(InterceptedFakeObjectCall fakeObjectCall)&#xD;
   em Castle.DynamicProxy.AbstractInvocation.Proceed()&#xD;
   em Castle.Proxies.ObjectProxy.Retrieve(String entityName, Guid id, ColumnSet columnSet)&#xD;
   em AvaEdu.Repositories.OcorrenciaRepository.RetrievePrazoRespostaHoras(EntityReference tipoRef, IOrganizationService svc) na c:\Users\Conta\OneDrive\Documentos\AvaEdu\Repositories\Implementations\OcorrenciaRepository.cs:linha 96&#xD;
   em AvaEdu.Services.OcorrenciaService.CalcularDataExpiracao(Entity entity, IOrganizationService service) na c:\Users\Conta\OneDrive\Documentos\AvaEdu\Services\Implementations\OcorrenciaService.cs:linha 121&#xD;
   em AvaEdu.Services.OcorrenciaService.OnCreate(IPluginExecutionContext context, IOrganizationService service) na c:\Users\Conta\OneDrive\Documentos\AvaEdu\Services\Implementations\OcorrenciaService.cs:linha 28&#xD;
   em GeneratedTests.GeneratedOcorrenciaTest_22.Test_22() na c:\Users\Conta\OneDrive\Documentos\AvaEdu\Tests\Generated\GeneratedOcorrenciaTest_22.cs:linha 14
</StackTrace>
        </ErrorInfo>
      </Output>
    </UnitTestResult>
    <UnitTestResult executionId="49ea7223-b3e6-4894-9b6b-e9506ce791b7" testId="db304d81-3b09-d060-30ff-fd28a51a1c7c" testName="OnCreate_SemPrazoNoTipo_UsaPrazoDefault" computerName="VINICIUS-SILVA" duration="00:00:00.0000001" startTime="2025-12-01T11:30:16.8802200-03:00" endTime="2025-12-01T11:30:16.8802200-03:00" testType="13cdc9d9-ddb5-4fa4-a97d-d965ccfc6d4b" outcome="Passed" testListId="8c84fa94-04c1-424b-9868-57a2d4851a1d" relativeResultsDirectory="49ea7223-b3e6-4894-9b6b-e9506ce791b7" />
    <UnitTestResult executionId="4aa25e9c-047c-4412-9dce-dc555810a9d8" testId="f2701ab7-386b-607f-c8bf-48b63f89b465" testName="OnDelete_NaoFechada_NaoLanca" computerName="VINICIUS-SILVA" duration="00:00:00.0000001" startTime="2025-12-01T11:30:16.8832206-03:00" endTime="2025-12-01T11:30:16.8832206-03:00" testType="13cdc9d9-ddb5-4fa4-a97d-d965ccfc6d4b" outcome="Passed" testListId="8c84fa94-04c1-424b-9868-57a2d4851a1d" relativeResultsDirectory="4aa25e9c-047c-4412-9dce-dc555810a9d8" />
    <UnitTestResult executionId="35117575-587b-4b88-825b-7d63c1e8050c" testId="9b61b1ef-ed9c-a823-04e4-e48dfae30a7f" testName="RetrievePrazoRespostaHoras_ValorZero" computerName="VINICIUS-SILVA" duration="00:00:00.0040000" startTime="2025-12-01T11:30:16.8087492-03:00" endTime="2025-12-01T11:30:16.8139177-03:00" testType="13cdc9d9-ddb5-4fa4-a97d-d965ccfc6d4b" outcome="Passed" testListId="8c84fa94-04c1-424b-9868-57a2d4851a1d" relativeResultsDirectory="35117575-587b-4b88-825b-7d63c1e8050c" />
    <UnitTestResult executionId="440a6b33-7d46-431a-87b4-2f76cc6ea7a9" testId="bde352ff-af96-23b6-0b9f-cc511f34e8c9" testName="ExistsAbertaMesmoCpfTipoAssunto_False_StatusFechado" computerName="VINICIUS-SILVA" duration="00:00:00.0060000" startTime="2025-12-01T11:30:16.7681891-03:00" endTime="2025-12-01T11:30:16.7737026-03:00" testType="13cdc9d9-ddb5-4fa4-a97d-d965ccfc6d4b" outcome="Passed" testListId="8c84fa94-04c1-424b-9868-57a2d4851a1d" relativeResultsDirectory="440a6b33-7d46-431a-87b4-2f76cc6ea7a9" />
    <UnitTestResult executionId="183f610d-549f-4264-b178-a2e122e802e9" testId="a175f214-a4d9-99af-3047-32fabf3eca68" testName="IsFechada_True" computerName="VINICIUS-SILVA" duration="00:00:00.0000001" startTime="2025-12-01T11:30:16.8057495-03:00" endTime="2025-12-01T11:30:16.8057495-03:00" testType="13cdc9d9-ddb5-4fa4-a97d-d965ccfc6d4b" outcome="Passed" testListId="8c84fa94-04c1-424b-9868-57a2d4851a1d" relativeResultsDirectory="183f610d-549f-4264-b178-a2e122e802e9" />
    <UnitTestResult executionId="fc7d0331-c54e-4904-bab7-5dd2a4772364" testId="ab7c4562-0daa-548c-6acd-463d6ebe5d38" testName="UpdatePlugin_Execute_OcorrenciaFechada_TentandoAlterarEmail_DeveLancarExcecao" computerName="VINICIUS-SILVA" duration="00:00:00.0010000" startTime="2025-12-01T11:30:16.9703286-03:00" endTime="2025-12-01T11:30:16.9713327-03:00" testType="13cdc9d9-ddb5-4fa4-a97d-d965ccfc6d4b" outcome="Failed" testListId="8c84fa94-04c1-424b-9868-57a2d4851a1d" relativeResultsDirectory="fc7d0331-c54e-4904-bab7-5dd2a4772364">
      <Output>
        <ErrorInfo>
          <Message>  Expected: String containing "Email"&#xD;
  But was:  "Ocorrência fechada não pode ser alterada."&#xD;
</Message>
          <StackTrace>   em AvaEdu.Tests.PluginIntegrationTests.UpdatePlugin_Execute_OcorrenciaFechada_TentandoAlterarEmail_DeveLancarExcecao() na c:\Users\Conta\OneDrive\Documentos\AvaEdu\Tests\PluginIntegrationTests.cs:linha 230&#xD;

1)    em AvaEdu.Tests.PluginIntegrationTests.UpdatePlugin_Execute_OcorrenciaFechada_TentandoAlterarEmail_DeveLancarExcecao() na c:\Users\Conta\OneDrive\Documentos\AvaEdu\Tests\PluginIntegrationTests.cs:linha 230&#xD;

</StackTrace>
        </ErrorInfo>
      </Output>
    </UnitTestResult>
    <UnitTestResult executionId="328fcf71-ee76-4969-b7d7-ee1be8074330" testId="112872f6-dad6-92d3-9bfa-a3f1d65287bf" testName="UpdatePlugin_Execute_AlterandoParaDuplicado_DeveLancarExcecao" computerName="VINICIUS-SILVA" duration="00:00:00.0090000" startTime="2025-12-01T11:30:16.9231895-03:00" endTime="2025-12-01T11:30:16.9327003-03:00" testType="13cdc9d9-ddb5-4fa4-a97d-d965ccfc6d4b" outcome="Passed" testListId="8c84fa94-04c1-424b-9868-57a2d4851a1d" relativeResultsDirectory="328fcf71-ee76-4969-b7d7-ee1be8074330" />
    <UnitTestResult executionId="ff102bd2-39b1-41de-9ffa-9e937fa9738c" testId="760704d7-0358-42da-f742-4ef134638f7a" testName="ExistsAbertaMesmoCpfTipoAssunto_False_CpfDiferente" computerName="VINICIUS-SILVA" duration="00:00:00.0070000" startTime="2025-12-01T11:30:16.7409804-03:00" endTime="2025-12-01T11:30:16.7479792-03:00" testType="13cdc9d9-ddb5-4fa4-a97d-d965ccfc6d4b" outcome="Passed" testListId="8c84fa94-04c1-424b-9868-57a2d4851a1d" relativeResultsDirectory="ff102bd2-39b1-41de-9ffa-9e937fa9738c" />
    <UnitTestResult executionId="14f15d28-fcce-44a6-88e0-eb99055b41ed" testId="4a1383f2-a64a-b0d1-9bf8-e5df04278fad" testName="Test_15" computerName="VINICIUS-SILVA" duration="00:00:00.0070000" startTime="2025-12-01T11:30:16.9987750-03:00" endTime="2025-12-01T11:30:17.0057819-03:00" testType="13cdc9d9-ddb5-4fa4-a97d-d965ccfc6d4b" outcome="Passed" testListId="8c84fa94-04c1-424b-9868-57a2d4851a1d" relativeResultsDirectory="14f15d28-fcce-44a6-88e0-eb99055b41ed" />
    <UnitTestResult executionId="7c0c8fe8-3972-42a8-99a4-0a24ef45a2e5" testId="32411c39-9f4c-595a-dad3-dcf79e927dc7" testName="Test_8" computerName="VINICIUS-SILVA" duration="00:00:00.0000001" startTime="2025-12-01T11:30:17.0313521-03:00" endTime="2025-12-01T11:30:17.0313521-03:00" testType="13cdc9d9-ddb5-4fa4-a97d-d965ccfc6d4b" outcome="Passed" testListId="8c84fa94-04c1-424b-9868-57a2d4851a1d" relativeResultsDirectory="7c0c8fe8-3972-42a8-99a4-0a24ef45a2e5">
      <Output>
        <StdOut>Placeholder para critério: **Action:** [Specific action item]</StdOut>
      </Output>
    </UnitTestResult>
    <UnitTestResult executionId="fc6fe385-5f5f-4dd8-903c-2c0c3fd4fc82" testId="603571f4-dd67-5cd1-d4b3-3f891c1e2c24" testName="OnUpdate_Aberta_AlterandoEmail_DevePermitir" computerName="VINICIUS-SILVA" duration="00:00:00.0010000" startTime="2025-12-01T11:30:16.8862184-03:00" endTime="2025-12-01T11:30:16.8862184-03:00" testType="13cdc9d9-ddb5-4fa4-a97d-d965ccfc6d4b" outcome="Passed" testListId="8c84fa94-04c1-424b-9868-57a2d4851a1d" relativeResultsDirectory="fc6fe385-5f5f-4dd8-903c-2c0c3fd4fc82" />
    <UnitTestResult executionId="2ec6e5dd-f7b3-4b1e-9d59-824952ed7ebd" testId="68c6fd49-2e47-01b1-4a81-37808f2849c6" testName="IsFechada_False_StatusAberto" computerName="VINICIUS-SILVA" duration="00:00:00.0010000" startTime="2025-12-01T11:30:16.8047480-03:00" endTime="2025-12-01T11:30:16.8057495-03:00" testType="13cdc9d9-ddb5-4fa4-a97d-d965ccfc6d4b" outcome="Passed" testListId="8c84fa94-04c1-424b-9868-57a2d4851a1d" relativeResultsDirectory="2ec6e5dd-f7b3-4b1e-9d59-824952ed7ebd" />
  </Results>
  <TestDefinitions>
    <UnitTest name="Test_13" storage="c:\users\conta\onedrive\documentos\avaedu\bin\debug\net462\avaedu.dll" id="186f4acc-eee8-2d0d-c185-dfded47f4db2">
      <Execution id="4926d85d-6e66-497a-8eb4-0dbd5b34eff9" />
      <TestMethod codeBase="c:\Users\Conta\OneDrive\Documentos\AvaEdu\bin\Debug\net462\AvaEdu.dll" adapterTypeName="executor://nunit3testexecutor/" className="GeneratedTests.GeneratedOcorrenciaTest_13" name="Test_13" />
    </UnitTest>
    <UnitTest name="ExistsAbertaMesmoCpfTipoAssunto_False_CpfDiferente" storage="c:\users\conta\onedrive\documentos\avaedu\bin\debug\net462\avaedu.dll" id="760704d7-0358-42da-f742-4ef134638f7a">
      <Execution id="ff102bd2-39b1-41de-9ffa-9e937fa9738c" />
      <TestMethod codeBase="c:\Users\Conta\OneDrive\Documentos\AvaEdu\bin\Debug\net462\AvaEdu.dll" adapterTypeName="executor://nunit3testexecutor/" className="AvaEdu.Tests.OcorrenciaRepositoryTests" name="ExistsAbertaMesmoCpfTipoAssunto_False_CpfDiferente" />
    </UnitTest>
    <UnitTest name="Test_5" storage="c:\users\conta\onedrive\documentos\avaedu\bin\debug\net462\avaedu.dll" id="fc0d8398-c44b-915a-1489-db9a09e7ec8e">
      <Execution id="43010f51-39d4-442a-adff-86f9a3138617" />
      <TestMethod codeBase="c:\Users\Conta\OneDrive\Documentos\AvaEdu\bin\Debug\net462\AvaEdu.dll" adapterTypeName="executor://nunit3testexecutor/" className="GeneratedTests.GeneratedOcorrenciaTest_5" name="Test_5" />
    </UnitTest>
    <UnitTest name="OnUpdate_SemPreImage_RecuperaDoRepositorio" storage="c:\users\conta\onedrive\documentos\avaedu\bin\debug\net462\avaedu.dll" id="e66bdb60-bfe3-d6e9-cee4-1b02895aea6b">
      <Execution id="64da43e8-a455-4624-a1a7-f7ef072491eb" />
      <TestMethod codeBase="c:\Users\Conta\OneDrive\Documentos\AvaEdu\bin\Debug\net462\AvaEdu.dll" adapterTypeName="executor://nunit3testexecutor/" className="AvaEdu.Tests.OcorrenciaServiceTests" name="OnUpdate_SemPreImage_RecuperaDoRepositorio" />
    </UnitTest>
    <UnitTest name="Test_22" storage="c:\users\conta\onedrive\documentos\avaedu\bin\debug\net462\avaedu.dll" id="c60cbd5f-4371-33ed-8534-ad918a97b1ba">
      <Execution id="1c81a752-d4f3-4a79-923f-5bf4b754dc2c" />
      <TestMethod codeBase="c:\Users\Conta\OneDrive\Documentos\AvaEdu\bin\Debug\net462\AvaEdu.dll" adapterTypeName="executor://nunit3testexecutor/" className="GeneratedTests.GeneratedOcorrenciaTest_22" name="Test_22" />
    </UnitTest>
    <UnitTest name="Test_1" storage="c:\users\conta\onedrive\documentos\avaedu\bin\debug\net462\avaedu.dll" id="5f3a6b52-7db9-0a00-a038-3d3542c148d3">
      <Execution id="7d78638f-658b-4158-898f-e8bf9be3b40c" />
      <TestMethod codeBase="c:\Users\Conta\OneDrive\Documentos\AvaEdu\bin\Debug\net462\AvaEdu.dll" adapterTypeName="executor://nunit3testexecutor/" className="GeneratedTests.GeneratedOcorrenciaTest_1" name="Test_1" />
    </UnitTest>
    <UnitTest name="DeletePlugin_Execute_OcorrenciaAberta_DevePermitirDelecao" storage="c:\users\conta\onedrive\documentos\avaedu\bin\debug\net462\avaedu.dll" id="e5f186eb-d54d-0165-c0c0-b40bca779d05">
      <Execution id="79a89933-334e-435e-a33f-5dee9a5a4727" />
      <TestMethod codeBase="c:\Users\Conta\OneDrive\Documentos\AvaEdu\bin\Debug\net462\AvaEdu.dll" adapterTypeName="executor://nunit3testexecutor/" className="AvaEdu.Tests.PluginIntegrationTests" name="DeletePlugin_Execute_OcorrenciaAberta_DevePermitirDelecao" />
    </UnitTest>
    <UnitTest name="ExistsAbertaMesmoCpfTipoAssunto_False_CpfNull" storage="c:\users\conta\onedrive\documentos\avaedu\bin\debug\net462\avaedu.dll" id="1814a1d8-ff85-b80b-158f-9b61705ee89f">
      <Execution id="9aff04a8-9b38-4497-8468-1f67ec28d6cb" />
      <TestMethod codeBase="c:\Users\Conta\OneDrive\Documentos\AvaEdu\bin\Debug\net462\AvaEdu.dll" adapterTypeName="executor://nunit3testexecutor/" className="AvaEdu.Tests.OcorrenciaRepositoryTests" name="ExistsAbertaMesmoCpfTipoAssunto_False_CpfNull" />
    </UnitTest>
    <UnitTest name="ExistsAbertaMesmoCpfTipoAssunto_True_MultiplasCombinacoes" storage="c:\users\conta\onedrive\documentos\avaedu\bin\debug\net462\avaedu.dll" id="1b8bcb4c-c76a-804b-710e-7ddea3a74c95">
      <Execution id="21dcf6c4-d007-40e4-9ecf-72064b6b0a27" />
      <TestMethod codeBase="c:\Users\Conta\OneDrive\Documentos\AvaEdu\bin\Debug\net462\AvaEdu.dll" adapterTypeName="executor://nunit3testexecutor/" className="AvaEdu.Tests.OcorrenciaRepositoryTests" name="ExistsAbertaMesmoCpfTipoAssunto_True_MultiplasCombinacoes" />
    </UnitTest>
    <UnitTest name="IsFechada_False_StatusAtrasado" storage="c:\users\conta\onedrive\documentos\avaedu\bin\debug\net462\avaedu.dll" id="b10cc465-adaa-fe26-dc86-00c8793c83f5">
      <Execution id="78284712-3755-485a-8623-5c025361b357" />
      <TestMethod codeBase="c:\Users\Conta\OneDrive\Documentos\AvaEdu\bin\Debug\net462\AvaEdu.dll" adapterTypeName="executor://nunit3testexecutor/" className="AvaEdu.Tests.OcorrenciaRepositoryTests" name="IsFechada_False_StatusAtrasado" />
    </UnitTest>
    <UnitTest name="Test_19" storage="c:\users\conta\onedrive\documentos\avaedu\bin\debug\net462\avaedu.dll" id="150ed217-7a91-0638-d346-96741a585c02">
      <Execution id="acd82d80-cc9b-48ec-be33-afc58f17b882" />
      <TestMethod codeBase="c:\Users\Conta\OneDrive\Documentos\AvaEdu\bin\Debug\net462\AvaEdu.dll" adapterTypeName="executor://nunit3testexecutor/" className="GeneratedTests.GeneratedOcorrenciaTest_19" name="Test_19" />
    </UnitTest>
    <UnitTest name="OnDelete_NaoFechada_NaoLanca" storage="c:\users\conta\onedrive\documentos\avaedu\bin\debug\net462\avaedu.dll" id="f2701ab7-386b-607f-c8bf-48b63f89b465">
      <Execution id="4aa25e9c-047c-4412-9dce-dc555810a9d8" />
      <TestMethod codeBase="c:\Users\Conta\OneDrive\Documentos\AvaEdu\bin\Debug\net462\AvaEdu.dll" adapterTypeName="executor://nunit3testexecutor/" className="AvaEdu.Tests.OcorrenciaServiceTests" name="OnDelete_NaoFechada_NaoLanca" />
    </UnitTest>
    <UnitTest name="OnCreate_AtribuiDataCriacaoEExpiracao_ComPrazoDoTipo" storage="c:\users\conta\onedrive\documentos\avaedu\bin\debug\net462\avaedu.dll" id="7a311aa3-21b6-ebc0-cba8-3da58b35d8d0">
      <Execution id="e2ece7fd-246e-449f-a72c-82dce843e3e5" />
      <TestMethod codeBase="c:\Users\Conta\OneDrive\Documentos\AvaEdu\bin\Debug\net462\AvaEdu.dll" adapterTypeName="executor://nunit3testexecutor/" className="AvaEdu.Tests.OcorrenciaServiceTests" name="OnCreate_AtribuiDataCriacaoEExpiracao_ComPrazoDoTipo" />
    </UnitTest>
    <UnitTest name="UpdatePlugin_Execute_OcorrenciaAberta_AlterandoNome_DevePermitir" storage="c:\users\conta\onedrive\documentos\avaedu\bin\debug\net462\avaedu.dll" id="199b9715-a5ed-8b53-47b9-7b244da075e8">
      <Execution id="d62db5f5-9afd-41f1-985e-0a6c326064c4" />
      <TestMethod codeBase="c:\Users\Conta\OneDrive\Documentos\AvaEdu\bin\Debug\net462\AvaEdu.dll" adapterTypeName="executor://nunit3testexecutor/" className="AvaEdu.Tests.PluginIntegrationTests" name="UpdatePlugin_Execute_OcorrenciaAberta_AlterandoNome_DevePermitir" />
    </UnitTest>
    <UnitTest name="ExistsAbertaMesmoCpfTipoAssunto_False_StatusFechado" storage="c:\users\conta\onedrive\documentos\avaedu\bin\debug\net462\avaedu.dll" id="bde352ff-af96-23b6-0b9f-cc511f34e8c9">
      <Execution id="440a6b33-7d46-431a-87b4-2f76cc6ea7a9" />
      <TestMethod codeBase="c:\Users\Conta\OneDrive\Documentos\AvaEdu\bin\Debug\net462\AvaEdu.dll" adapterTypeName="executor://nunit3testexecutor/" className="AvaEdu.Tests.OcorrenciaRepositoryTests" name="ExistsAbertaMesmoCpfTipoAssunto_False_StatusFechado" />
    </UnitTest>
    <UnitTest name="RetrievePrazoRespostaHoras_ValorZero" storage="c:\users\conta\onedrive\documentos\avaedu\bin\debug\net462\avaedu.dll" id="9b61b1ef-ed9c-a823-04e4-e48dfae30a7f">
      <Execution id="35117575-587b-4b88-825b-7d63c1e8050c" />
      <TestMethod codeBase="c:\Users\Conta\OneDrive\Documentos\AvaEdu\bin\Debug\net462\AvaEdu.dll" adapterTypeName="executor://nunit3testexecutor/" className="AvaEdu.Tests.OcorrenciaRepositoryTests" name="RetrievePrazoRespostaHoras_ValorZero" />
    </UnitTest>
    <UnitTest name="Test_9" storage="c:\users\conta\onedrive\documentos\avaedu\bin\debug\net462\avaedu.dll" id="051d394f-ce38-fcd1-9efb-93027cacad5d">
      <Execution id="f38aa5cf-9f78-4318-9ac3-651168a84c3f" />
      <TestMethod codeBase="c:\Users\Conta\OneDrive\Documentos\AvaEdu\bin\Debug\net462\AvaEdu.dll" adapterTypeName="executor://nunit3testexecutor/" className="GeneratedTests.GeneratedOcorrenciaTest_9" name="Test_9" />
    </UnitTest>
    <UnitTest name="IsFechada_False_SemStatus" storage="c:\users\conta\onedrive\documentos\avaedu\bin\debug\net462\avaedu.dll" id="5fdcd235-2b65-b0a6-2749-df384acbb7bd">
      <Execution id="9991d8d4-d9f9-4d73-86cc-ec8d4501f132" />
      <TestMethod codeBase="c:\Users\Conta\OneDrive\Documentos\AvaEdu\bin\Debug\net462\AvaEdu.dll" adapterTypeName="executor://nunit3testexecutor/" className="AvaEdu.Tests.OcorrenciaRepositoryTests" name="IsFechada_False_SemStatus" />
    </UnitTest>
    <UnitTest name="Create_Retrieve_Update" storage="c:\users\conta\onedrive\documentos\avaedu\bin\debug\net462\avaedu.dll" id="9289cf03-5f6c-7141-ab0d-4b62be5967c7">
      <Execution id="b087bb26-085d-4009-bf2d-2e4207998e34" />
      <TestMethod codeBase="c:\Users\Conta\OneDrive\Documentos\AvaEdu\bin\Debug\net462\AvaEdu.dll" adapterTypeName="executor://nunit3testexecutor/" className="AvaEdu.Tests.OcorrenciaRepositoryTests" name="Create_Retrieve_Update" />
    </UnitTest>
    <UnitTest name="OnUpdate_Fechada_NomeSemAlteracao_DeveLancarExcecaoGenerica" storage="c:\users\conta\onedrive\documentos\avaedu\bin\debug\net462\avaedu.dll" id="689ca76a-1786-3bb9-4e54-a3a1c3a76f3b">
      <Execution id="fdd2f755-92cb-4bfb-b75f-ef98973b8b3b" />
      <TestMethod codeBase="c:\Users\Conta\OneDrive\Documentos\AvaEdu\bin\Debug\net462\AvaEdu.dll" adapterTypeName="executor://nunit3testexecutor/" className="AvaEdu.Tests.OcorrenciaServiceTests" name="OnUpdate_Fechada_NomeSemAlteracao_DeveLancarExcecaoGenerica" />
    </UnitTest>
    <UnitTest name="OnUpdate_Aberta_AlterandoDescricao_DevePermitir" storage="c:\users\conta\onedrive\documentos\avaedu\bin\debug\net462\avaedu.dll" id="7075b6a5-3ac1-2052-1113-dfc17a73492c">
      <Execution id="85e3b47e-c1cc-42a1-8847-c95fdb41b9f1" />
      <TestMethod codeBase="c:\Users\Conta\OneDrive\Documentos\AvaEdu\bin\Debug\net462\AvaEdu.dll" adapterTypeName="executor://nunit3testexecutor/" className="AvaEdu.Tests.OcorrenciaServiceTests" name="OnUpdate_Aberta_AlterandoDescricao_DevePermitir" />
    </UnitTest>
    <UnitTest name="OnUpdate_Fechada_TentandoAlterarTipo_DeveLancarExcecao" storage="c:\users\conta\onedrive\documentos\avaedu\bin\debug\net462\avaedu.dll" id="f5cb93a9-cdf7-d131-4484-f34adc732d32">
      <Execution id="f262c8ce-d541-408c-9d24-152b9cf179d2" />
      <TestMethod codeBase="c:\Users\Conta\OneDrive\Documentos\AvaEdu\bin\Debug\net462\AvaEdu.dll" adapterTypeName="executor://nunit3testexecutor/" className="AvaEdu.Tests.OcorrenciaServiceTests" name="OnUpdate_Fechada_TentandoAlterarTipo_DeveLancarExcecao" />
    </UnitTest>
    <UnitTest name="OnUpdate_Fechada_TentandoAlterarNome_DeveLancarExcecao" storage="c:\users\conta\onedrive\documentos\avaedu\bin\debug\net462\avaedu.dll" id="2a6a85f3-fd96-1a10-cd97-4d127d263a99">
      <Execution id="c95cdd9f-3b67-4e1e-a6f1-608b29a0bcfc" />
      <TestMethod codeBase="c:\Users\Conta\OneDrive\Documentos\AvaEdu\bin\Debug\net462\AvaEdu.dll" adapterTypeName="executor://nunit3testexecutor/" className="AvaEdu.Tests.OcorrenciaServiceTests" name="OnUpdate_Fechada_TentandoAlterarNome_DeveLancarExcecao" />
    </UnitTest>
    <UnitTest name="OnUpdate_Fechada_TentandoAlterarAssunto_DeveLancarExcecao" storage="c:\users\conta\onedrive\documentos\avaedu\bin\debug\net462\avaedu.dll" id="47f05c19-0d0b-4c4c-b4b2-0a862e2cf59c">
      <Execution id="4e3468f1-51f2-4eeb-968c-38ec7f0fa4eb" />
      <TestMethod codeBase="c:\Users\Conta\OneDrive\Documentos\AvaEdu\bin\Debug\net462\AvaEdu.dll" adapterTypeName="executor://nunit3testexecutor/" className="AvaEdu.Tests.OcorrenciaServiceTests" name="OnUpdate_Fechada_TentandoAlterarAssunto_DeveLancarExcecao" />
    </UnitTest>
    <UnitTest name="ExistsAbertaMesmoCpfTipoAssunto_False_NenhumRegistro" storage="c:\users\conta\onedrive\documentos\avaedu\bin\debug\net462\avaedu.dll" id="a76bc650-9626-a3ff-984d-5b3edcbc6fbe">
      <Execution id="f7e9508e-829f-4d38-9b70-f8d4638a0d25" />
      <TestMethod codeBase="c:\Users\Conta\OneDrive\Documentos\AvaEdu\bin\Debug\net462\AvaEdu.dll" adapterTypeName="executor://nunit3testexecutor/" className="AvaEdu.Tests.OcorrenciaRepositoryTests" name="ExistsAbertaMesmoCpfTipoAssunto_False_NenhumRegistro" />
    </UnitTest>
    <UnitTest name="IsFechada_True" storage="c:\users\conta\onedrive\documentos\avaedu\bin\debug\net462\avaedu.dll" id="a175f214-a4d9-99af-3047-32fabf3eca68">
      <Execution id="183f610d-549f-4264-b178-a2e122e802e9" />
      <TestMethod codeBase="c:\Users\Conta\OneDrive\Documentos\AvaEdu\bin\Debug\net462\AvaEdu.dll" adapterTypeName="executor://nunit3testexecutor/" className="AvaEdu.Tests.OcorrenciaRepositoryTests" name="IsFechada_True" />
    </UnitTest>
    <UnitTest name="Test_23" storage="c:\users\conta\onedrive\documentos\avaedu\bin\debug\net462\avaedu.dll" id="dd368ba2-e997-9c2e-fa31-8abb2dac3089">
      <Execution id="2df0c95c-e7ec-4cc4-a134-93487bc29129" />
      <TestMethod codeBase="c:\Users\Conta\OneDrive\Documentos\AvaEdu\bin\Debug\net462\AvaEdu.dll" adapterTypeName="executor://nunit3testexecutor/" className="GeneratedTests.GeneratedOcorrenciaTest_23" name="Test_23" />
    </UnitTest>
    <UnitTest name="Test_21" storage="c:\users\conta\onedrive\documentos\avaedu\bin\debug\net462\avaedu.dll" id="ba3b5a2d-bdfa-c9b1-8786-6ba0d4b55b25">
      <Execution id="e8e8768d-6460-4058-94d6-04f01b65ee2d" />
      <TestMethod codeBase="c:\Users\Conta\OneDrive\Documentos\AvaEdu\bin\Debug\net462\AvaEdu.dll" adapterTypeName="executor://nunit3testexecutor/" className="GeneratedTests.GeneratedOcorrenciaTest_21" name="Test_21" />
    </UnitTest>
    <UnitTest name="DeletePlugin_Execute_OcorrenciaFechada_DeveLancarExcecao" storage="c:\users\conta\onedrive\documentos\avaedu\bin\debug\net462\avaedu.dll" id="ad6a5589-5989-ead0-7ad2-8879632fcc3a">
      <Execution id="514775ed-1773-420e-b2f5-6eddcf5eab21" />
      <TestMethod codeBase="c:\Users\Conta\OneDrive\Documentos\AvaEdu\bin\Debug\net462\AvaEdu.dll" adapterTypeName="executor://nunit3testexecutor/" className="AvaEdu.Tests.PluginIntegrationTests" name="DeletePlugin_Execute_OcorrenciaFechada_DeveLancarExcecao" />
    </UnitTest>
    <UnitTest name="Test_14" storage="c:\users\conta\onedrive\documentos\avaedu\bin\debug\net462\avaedu.dll" id="3978d6cd-2474-4eba-61bc-ebed9e5c91f1">
      <Execution id="5bf511da-4fa4-43ac-920a-d42db0b680ed" />
      <TestMethod codeBase="c:\Users\Conta\OneDrive\Documentos\AvaEdu\bin\Debug\net462\AvaEdu.dll" adapterTypeName="executor://nunit3testexecutor/" className="GeneratedTests.GeneratedOcorrenciaTest_14" name="Test_14" />
    </UnitTest>
    <UnitTest name="UpdatePlugin_Execute_OcorrenciaFechada_TentandoAlterarEmail_DeveLancarExcecao" storage="c:\users\conta\onedrive\documentos\avaedu\bin\debug\net462\avaedu.dll" id="ab7c4562-0daa-548c-6acd-463d6ebe5d38">
      <Execution id="fc7d0331-c54e-4904-bab7-5dd2a4772364" />
      <TestMethod codeBase="c:\Users\Conta\OneDrive\Documentos\AvaEdu\bin\Debug\net462\AvaEdu.dll" adapterTypeName="executor://nunit3testexecutor/" className="AvaEdu.Tests.PluginIntegrationTests" name="UpdatePlugin_Execute_OcorrenciaFechada_TentandoAlterarEmail_DeveLancarExcecao" />
    </UnitTest>
    <UnitTest name="Test_6" storage="c:\users\conta\onedrive\documentos\avaedu\bin\debug\net462\avaedu.dll" id="a44c9741-2eab-9c5f-fafe-5b5df4e96b77">
      <Execution id="9eeac1c2-b05f-4d74-a0f9-37b25d340fb6" />
      <TestMethod codeBase="c:\Users\Conta\OneDrive\Documentos\AvaEdu\bin\Debug\net462\AvaEdu.dll" adapterTypeName="executor://nunit3testexecutor/" className="GeneratedTests.GeneratedOcorrenciaTest_6" name="Test_6" />
    </UnitTest>
    <UnitTest name="IsFechada_False_StatusAberto" storage="c:\users\conta\onedrive\documentos\avaedu\bin\debug\net462\avaedu.dll" id="68c6fd49-2e47-01b1-4a81-37808f2849c6">
      <Execution id="2ec6e5dd-f7b3-4b1e-9d59-824952ed7ebd" />
      <TestMethod codeBase="c:\Users\Conta\OneDrive\Documentos\AvaEdu\bin\Debug\net462\AvaEdu.dll" adapterTypeName="executor://nunit3testexecutor/" className="AvaEdu.Tests.OcorrenciaRepositoryTests" name="IsFechada_False_StatusAberto" />
    </UnitTest>
    <UnitTest name="RetrievePrazoRespostaHoras_Value" storage="c:\users\conta\onedrive\documentos\avaedu\bin\debug\net462\avaedu.dll" id="9ed02467-d78b-5262-d37f-466af182feb6">
      <Execution id="db0123e1-9761-4784-a374-52c5dd5dd07c" />
[...]
      <Execution id="9d282773-7192-4ff5-937c-7de204554ee8" />
      <TestMethod codeBase="c:\Users\Conta\OneDrive\Documentos\AvaEdu\bin\Debug\net462\AvaEdu.dll" adapterTypeName="executor://nunit3testexecutor/" className="AvaEdu.Tests.OcorrenciaRepositoryTests" name="Retrieve_SemColumnSet_RetornaTodosAtributos" />
    </UnitTest>
    <UnitTest name="OnUpdate_Fechada_AtualizaDataConclusaoELanca" storage="c:\users\conta\onedrive\documentos\avaedu\bin\debug\net462\avaedu.dll" id="498372ad-30f5-199f-0876-7e9535573f06">
      <Execution id="7114d10c-a246-4c7a-80e8-39dbd51b7664" />
      <TestMethod codeBase="c:\Users\Conta\OneDrive\Documentos\AvaEdu\bin\Debug\net462\AvaEdu.dll" adapterTypeName="executor://nunit3testexecutor/" className="AvaEdu.Tests.OcorrenciaServiceTests" name="OnUpdate_Fechada_AtualizaDataConclusaoELanca" />
    </UnitTest>
    <UnitTest name="UpdatePlugin_Execute_AlterandoParaDuplicado_DeveLancarExcecao" storage="c:\users\conta\onedrive\documentos\avaedu\bin\debug\net462\avaedu.dll" id="112872f6-dad6-92d3-9bfa-a3f1d65287bf">
      <Execution id="328fcf71-ee76-4969-b7d7-ee1be8074330" />
      <TestMethod codeBase="c:\Users\Conta\OneDrive\Documentos\AvaEdu\bin\Debug\net462\AvaEdu.dll" adapterTypeName="executor://nunit3testexecutor/" className="AvaEdu.Tests.PluginIntegrationTests" name="UpdatePlugin_Execute_AlterandoParaDuplicado_DeveLancarExcecao" />
    </UnitTest>
    <UnitTest name="OnUpdate_DetectaDuplicado" storage="c:\users\conta\onedrive\documentos\avaedu\bin\debug\net462\avaedu.dll" id="014dcf73-4d00-ab64-d625-74cb3b322081">
      <Execution id="45074a1c-b948-4a34-b4f9-24f284759db7" />
      <TestMethod codeBase="c:\Users\Conta\OneDrive\Documentos\AvaEdu\bin\Debug\net462\AvaEdu.dll" adapterTypeName="executor://nunit3testexecutor/" className="AvaEdu.Tests.OcorrenciaServiceTests" name="OnUpdate_DetectaDuplicado" />
    </UnitTest>
  </TestDefinitions>
  <TestEntries>
    <TestEntry testId="86c9cde0-ea7c-3e6b-e739-df347853561f" executionId="5282fd4c-5883-43f5-8e1e-2c46dc8eabcf" testListId="8c84fa94-04c1-424b-9868-57a2d4851a1d" />
    <TestEntry testId="a44c9741-2eab-9c5f-fafe-5b5df4e96b77" executionId="9eeac1c2-b05f-4d74-a0f9-37b25d340fb6" testListId="8c84fa94-04c1-424b-9868-57a2d4851a1d" />
    <TestEntry testId="051d394f-ce38-fcd1-9efb-93027cacad5d" executionId="f38aa5cf-9f78-4318-9ac3-651168a84c3f" testListId="8c84fa94-04c1-424b-9868-57a2d4851a1d" />
    <TestEntry testId="6b721d7e-e640-85a4-b29b-c62552caaa0b" executionId="d6dd6070-4920-4d11-ba6b-a0a5e16159ce" testListId="8c84fa94-04c1-424b-9868-57a2d4851a1d" />
    <TestEntry testId="2a6a85f3-fd96-1a10-cd97-4d127d263a99" executionId="c95cdd9f-3b67-4e1e-a6f1-608b29a0bcfc" testListId="8c84fa94-04c1-424b-9868-57a2d4851a1d" />
    <TestEntry testId="b9360cbf-8dc0-b547-bf0c-ec9e810be8b8" executionId="11eedf08-0a80-4ea2-a352-4463e5099f9c" testListId="8c84fa94-04c1-424b-9868-57a2d4851a1d" />
    <TestEntry testId="d4f95f4a-cadb-f1e6-5803-bf5afbe8ab38" executionId="9fb16288-58c8-463d-98c1-37f7b3d5552f" testListId="8c84fa94-04c1-424b-9868-57a2d4851a1d" />
    <TestEntry testId="8a2d268d-ebdd-0deb-b523-704d0a2b5220" executionId="9d282773-7192-4ff5-937c-7de204554ee8" testListId="8c84fa94-04c1-424b-9868-57a2d4851a1d" />
    <TestEntry testId="1814a1d8-ff85-b80b-158f-9b61705ee89f" executionId="9aff04a8-9b38-4497-8468-1f67ec28d6cb" testListId="8c84fa94-04c1-424b-9868-57a2d4851a1d" />
    <TestEntry testId="b6ad4712-5e96-78d4-36fe-1c8b9946a623" executionId="365e6804-9900-4c43-bd23-9e3ca751e7ed" testListId="8c84fa94-04c1-424b-9868-57a2d4851a1d" />
    <TestEntry testId="8dc100a0-d1bf-5104-2039-50d638057d6f" executionId="ea556a46-983f-4b0f-af96-c0591d6eacad" testListId="8c84fa94-04c1-424b-9868-57a2d4851a1d" />
    <TestEntry testId="2c8dc1e7-2749-30fa-041e-a979257456b2" executionId="2f3ea3ab-8a89-4037-abb8-28327f2f8898" testListId="8c84fa94-04c1-424b-9868-57a2d4851a1d" />
    <TestEntry testId="498372ad-30f5-199f-0876-7e9535573f06" executionId="7114d10c-a246-4c7a-80e8-39dbd51b7664" testListId="8c84fa94-04c1-424b-9868-57a2d4851a1d" />
    <TestEntry testId="db3a5711-846d-80de-10a0-7b6ff2cd7686" executionId="e46ae0e8-91b8-4f96-831d-4ab90228eda3" testListId="8c84fa94-04c1-424b-9868-57a2d4851a1d" />
    <TestEntry testId="d3b22399-305f-a821-9c86-991f89ba3007" executionId="858d5830-f134-4d3c-8431-10e5153d5e10" testListId="8c84fa94-04c1-424b-9868-57a2d4851a1d" />
    <TestEntry testId="684cd1d1-4bb5-d9cc-6400-79e46034f17f" executionId="a896e36e-d1aa-4284-916f-cc0b6356d674" testListId="8c84fa94-04c1-424b-9868-57a2d4851a1d" />
    <TestEntry testId="53b1fda3-0019-3a73-7d0e-fe784f1155dc" executionId="8a31215b-5d33-4963-8ff3-a549e6843df9" testListId="8c84fa94-04c1-424b-9868-57a2d4851a1d" />
    <TestEntry testId="149fa79d-e521-b4ad-fda4-9742c2bd4490" executionId="10f79fc6-f0ce-429d-8213-613d11cfe916" testListId="8c84fa94-04c1-424b-9868-57a2d4851a1d" />
    <TestEntry testId="62db81a5-6881-388e-9b9e-105b248650da" executionId="068dd953-1bb9-461e-a9bd-ebb99ab90105" testListId="8c84fa94-04c1-424b-9868-57a2d4851a1d" />
    <TestEntry testId="1b8bcb4c-c76a-804b-710e-7ddea3a74c95" executionId="21dcf6c4-d007-40e4-9ecf-72064b6b0a27" testListId="8c84fa94-04c1-424b-9868-57a2d4851a1d" />
    <TestEntry testId="0bcdb7d2-9a6b-7e30-31ed-fdfd2a39e9bc" executionId="5c886ac5-8c89-4cd2-9668-00331790afcf" testListId="8c84fa94-04c1-424b-9868-57a2d4851a1d" />
    <TestEntry testId="a6964641-2fb4-bd35-15ad-2a9163c9fa1b" executionId="2404142f-aa1c-42fa-b431-a42c5e720af2" testListId="8c84fa94-04c1-424b-9868-57a2d4851a1d" />
    <TestEntry testId="ff8a1754-1880-2dd0-28a9-219710fdc5e3" executionId="36e9edb5-0ebf-4297-ba15-1c518292ff91" testListId="8c84fa94-04c1-424b-9868-57a2d4851a1d" />
    <TestEntry testId="5fdcd235-2b65-b0a6-2749-df384acbb7bd" executionId="9991d8d4-d9f9-4d73-86cc-ec8d4501f132" testListId="8c84fa94-04c1-424b-9868-57a2d4851a1d" />
    <TestEntry testId="014dcf73-4d00-ab64-d625-74cb3b322081" executionId="45074a1c-b948-4a34-b4f9-24f284759db7" testListId="8c84fa94-04c1-424b-9868-57a2d4851a1d" />
    <TestEntry testId="7a311aa3-21b6-ebc0-cba8-3da58b35d8d0" executionId="e2ece7fd-246e-449f-a72c-82dce843e3e5" testListId="8c84fa94-04c1-424b-9868-57a2d4851a1d" />
    <TestEntry testId="8642847e-7acf-612f-433e-ee10019767dd" executionId="1b992b47-d956-4d31-aa18-28f4c2b2ae0f" testListId="8c84fa94-04c1-424b-9868-57a2d4851a1d" />
    <TestEntry testId="9ff2e847-35d8-4760-fe13-93dd4cd6ffb4" executionId="2faae4d2-a850-46bb-b550-b420cd231d4d" testListId="8c84fa94-04c1-424b-9868-57a2d4851a1d" />
    <TestEntry testId="1c615871-4556-4ebe-0213-98157958960e" executionId="e8a20bd9-5055-4b50-8c01-20872bd6fad2" testListId="8c84fa94-04c1-424b-9868-57a2d4851a1d" />
    <TestEntry testId="e5f186eb-d54d-0165-c0c0-b40bca779d05" executionId="79a89933-334e-435e-a33f-5dee9a5a4727" testListId="8c84fa94-04c1-424b-9868-57a2d4851a1d" />
    <TestEntry testId="834d9d9a-2c05-9306-a71c-2328413c4869" executionId="b5a347bc-e5c9-4bc4-ba99-c6e484cfe7df" testListId="8c84fa94-04c1-424b-9868-57a2d4851a1d" />
    <TestEntry testId="3f051c54-4984-1d71-ba92-38c2abab7855" executionId="b3f22bd3-6603-4fd3-ba97-4878b8bef2e1" testListId="8c84fa94-04c1-424b-9868-57a2d4851a1d" />
    <TestEntry testId="0928f2ad-6713-93e5-6553-4954f74bb297" executionId="eed027c1-a1e1-4367-89b5-1c1c39f1f6bb" testListId="8c84fa94-04c1-424b-9868-57a2d4851a1d" />
    <TestEntry testId="3978d6cd-2474-4eba-61bc-ebed9e5c91f1" executionId="5bf511da-4fa4-43ac-920a-d42db0b680ed" testListId="8c84fa94-04c1-424b-9868-57a2d4851a1d" />
    <TestEntry testId="a2bf1719-9d59-3336-94bf-4387dd4be3c8" executionId="9e89633f-436d-4a5f-8b8a-e2b2489b6ffa" testListId="8c84fa94-04c1-424b-9868-57a2d4851a1d" />
    <TestEntry testId="65a7f595-532d-54f0-84d9-2bc3bfbaea3b" executionId="0a2604b4-ec9d-43d7-996b-ca45d16ae2a7" testListId="8c84fa94-04c1-424b-9868-57a2d4851a1d" />
    <TestEntry testId="0c20363e-cb50-b045-efe1-53ca9ecd379f" executionId="70b3f2a9-7a22-45a4-a9f9-bb1ccdf00755" testListId="8c84fa94-04c1-424b-9868-57a2d4851a1d" />
    <TestEntry testId="57460042-dd5d-88c7-911e-4994a13eadc2" executionId="7912ec10-084d-43ad-8d49-e41f9e8f2df8" testListId="8c84fa94-04c1-424b-9868-57a2d4851a1d" />
    <TestEntry testId="3c55a5cd-c915-50f3-1195-9c403f8c0640" executionId="3155d6a2-9c93-424a-b483-d758afaf0da3" testListId="8c84fa94-04c1-424b-9868-57a2d4851a1d" />
    <TestEntry testId="9289cf03-5f6c-7141-ab0d-4b62be5967c7" executionId="b087bb26-085d-4009-bf2d-2e4207998e34" testListId="8c84fa94-04c1-424b-9868-57a2d4851a1d" />
    <TestEntry testId="ae81806c-0389-c11d-6081-f4e152b8b434" executionId="c7d5d72f-2205-4b5c-b373-adbe7839b99d" testListId="8c84fa94-04c1-424b-9868-57a2d4851a1d" />
    <TestEntry testId="fec84c69-5729-817d-7671-e99d7aebca76" executionId="74a87ef4-247b-4038-9f9b-db3b83c2691a" testListId="8c84fa94-04c1-424b-9868-57a2d4851a1d" />
    <TestEntry testId="e0381cd5-3a5d-8246-a7c4-be4edd9fab98" executionId="5a60bf0f-52c5-4b8e-840c-b49d5e06f78a" testListId="8c84fa94-04c1-424b-9868-57a2d4851a1d" />
    <TestEntry testId="7075b6a5-3ac1-2052-1113-dfc17a73492c" executionId="85e3b47e-c1cc-42a1-8847-c95fdb41b9f1" testListId="8c84fa94-04c1-424b-9868-57a2d4851a1d" />
    <TestEntry testId="5f3a6b52-7db9-0a00-a038-3d3542c148d3" executionId="7d78638f-658b-4158-898f-e8bf9be3b40c" testListId="8c84fa94-04c1-424b-9868-57a2d4851a1d" />
    <TestEntry testId="a76bc650-9626-a3ff-984d-5b3edcbc6fbe" executionId="f7e9508e-829f-4d38-9b70-f8d4638a0d25" testListId="8c84fa94-04c1-424b-9868-57a2d4851a1d" />
    <TestEntry testId="199b9715-a5ed-8b53-47b9-7b244da075e8" executionId="d62db5f5-9afd-41f1-985e-0a6c326064c4" testListId="8c84fa94-04c1-424b-9868-57a2d4851a1d" />
    <TestEntry testId="a80f7d81-0811-5aba-2a64-1384dfa0198c" executionId="fe38529c-1b5a-480f-a009-603ebf4b0200" testListId="8c84fa94-04c1-424b-9868-57a2d4851a1d" />
    <TestEntry testId="fdbdf4fe-3c70-da06-44d7-e11223774d7f" executionId="77923dcf-a1c3-40ef-b2c2-d3cd84bd5e57" testListId="8c84fa94-04c1-424b-9868-57a2d4851a1d" />
    <TestEntry testId="2dcdaf3c-13f0-eac2-78d4-9afe8e534108" executionId="46c3b97a-819d-4630-b141-b67de5cf6fd6" testListId="8c84fa94-04c1-424b-9868-57a2d4851a1d" />
    <TestEntry testId="f5cb93a9-cdf7-d131-4484-f34adc732d32" executionId="f262c8ce-d541-408c-9d24-152b9cf179d2" testListId="8c84fa94-04c1-424b-9868-57a2d4851a1d" />
    <TestEntry testId="47f05c19-0d0b-4c4c-b4b2-0a862e2cf59c" executionId="4e3468f1-51f2-4eeb-968c-38ec7f0fa4eb" testListId="8c84fa94-04c1-424b-9868-57a2d4851a1d" />
    <TestEntry testId="6097cdfc-ca90-9ab1-1cd7-09179040ad0c" executionId="4d7886d5-7b24-4d28-8fde-addbbcbef317" testListId="8c84fa94-04c1-424b-9868-57a2d4851a1d" />
    <TestEntry testId="dd368ba2-e997-9c2e-fa31-8abb2dac3089" executionId="2df0c95c-e7ec-4cc4-a134-93487bc29129" testListId="8c84fa94-04c1-424b-9868-57a2d4851a1d" />
    <TestEntry testId="b10cc465-adaa-fe26-dc86-00c8793c83f5" executionId="78284712-3755-485a-8623-5c025361b357" testListId="8c84fa94-04c1-424b-9868-57a2d4851a1d" />
    <TestEntry testId="186f4acc-eee8-2d0d-c185-dfded47f4db2" executionId="4926d85d-6e66-497a-8eb4-0dbd5b34eff9" testListId="8c84fa94-04c1-424b-9868-57a2d4851a1d" />
    <TestEntry testId="8c4800e2-f0c7-691a-59c4-418792bc0142" executionId="0f9905f2-8da2-421d-ad36-4e3cb54ec6f3" testListId="8c84fa94-04c1-424b-9868-57a2d4851a1d" />
    <TestEntry testId="be7b5794-e9a1-cd6a-bfbb-d1cc7184fdd1" executionId="5213e15d-3f1e-4753-9d7c-cc1ebb312667" testListId="8c84fa94-04c1-424b-9868-57a2d4851a1d" />
    <TestEntry testId="2da4c76f-cc0b-70fb-1d24-efcf57036b27" executionId="dcb64a9e-21e0-48b0-ae9c-4063c5b8a708" testListId="8c84fa94-04c1-424b-9868-57a2d4851a1d" />
    <TestEntry testId="e66bdb60-bfe3-d6e9-cee4-1b02895aea6b" executionId="64da43e8-a455-4624-a1a7-f7ef072491eb" testListId="8c84fa94-04c1-424b-9868-57a2d4851a1d" />
    <TestEntry testId="150ed217-7a91-0638-d346-96741a585c02" executionId="acd82d80-cc9b-48ec-be33-afc58f17b882" testListId="8c84fa94-04c1-424b-9868-57a2d4851a1d" />
    <TestEntry testId="cf23601b-dd28-95e1-f8f9-fc192ce99d1f" executionId="c2bf7941-629b-4919-8edd-f5d8f9f3050d" testListId="8c84fa94-04c1-424b-9868-57a2d4851a1d" />
    <TestEntry testId="cb432d6f-0e18-b163-82c2-ba28f46196be" executionId="361c3a6c-c0ab-4f59-b24a-a2ed0cce0ccc" testListId="8c84fa94-04c1-424b-9868-57a2d4851a1d" />
    <TestEntry testId="fc0d8398-c44b-915a-1489-db9a09e7ec8e" executionId="43010f51-39d4-442a-adff-86f9a3138617" testListId="8c84fa94-04c1-424b-9868-57a2d4851a1d" />
    <TestEntry testId="c5f8fd46-ed6e-1ff7-5079-bdca578f3fcd" executionId="3620db58-50c5-43db-9317-15d783327878" testListId="8c84fa94-04c1-424b-9868-57a2d4851a1d" />
    <TestEntry testId="9ed02467-d78b-5262-d37f-466af182feb6" executionId="db0123e1-9761-4784-a374-52c5dd5dd07c" testListId="8c84fa94-04c1-424b-9868-57a2d4851a1d" />
    <TestEntry testId="f7c985d1-bfa1-af1c-dd20-5f04dfffbbd0" executionId="a8332dc4-782c-43a2-bc9e-a711322225a4" testListId="8c84fa94-04c1-424b-9868-57a2d4851a1d" />
    <TestEntry testId="689ca76a-1786-3bb9-4e54-a3a1c3a76f3b" executionId="fdd2f755-92cb-4bfb-b75f-ef98973b8b3b" testListId="8c84fa94-04c1-424b-9868-57a2d4851a1d" />
    <TestEntry testId="824eccab-43e6-1690-5712-6efb5db35f73" executionId="6f9ae394-5e71-43d2-99fa-2389761d434a" testListId="8c84fa94-04c1-424b-9868-57a2d4851a1d" />
    <TestEntry testId="ad6a5589-5989-ead0-7ad2-8879632fcc3a" executionId="514775ed-1773-420e-b2f5-6eddcf5eab21" testListId="8c84fa94-04c1-424b-9868-57a2d4851a1d" />
    <TestEntry testId="f64190cb-6e1d-cbcc-e0c1-afd907c026a3" executionId="061d4589-0746-471d-be92-e65e28d57d62" testListId="8c84fa94-04c1-424b-9868-57a2d4851a1d" />
    <TestEntry testId="79990c8e-b5c3-85e3-8324-0ed5fb50ebe1" executionId="6c0c331f-9679-4a1d-98ac-f39567ab4353" testListId="8c84fa94-04c1-424b-9868-57a2d4851a1d" />
    <TestEntry testId="a2c7132c-fbd4-4f56-b8c1-1943ccfebb60" executionId="c66b8963-3602-4a38-ab4c-35943d0f02b4" testListId="8c84fa94-04c1-424b-9868-57a2d4851a1d" />
    <TestEntry testId="e901654e-fe20-f545-e602-5a2bc0c5a8c2" executionId="c1ccddeb-fcc4-47c9-94ee-fadda3f8f014" testListId="8c84fa94-04c1-424b-9868-57a2d4851a1d" />
    <TestEntry testId="ba3b5a2d-bdfa-c9b1-8786-6ba0d4b55b25" executionId="e8e8768d-6460-4058-94d6-04f01b65ee2d" testListId="8c84fa94-04c1-424b-9868-57a2d4851a1d" />
    <TestEntry testId="b97c0410-4c00-5062-06fb-ee13eccb9ab8" executionId="3f5a0841-c397-4c61-a814-c14af4799fbf" testListId="8c84fa94-04c1-424b-9868-57a2d4851a1d" />
    <TestEntry testId="bc143b91-e1e0-3632-0163-3209be5eb7bc" executionId="3327f11c-ead4-4c69-90d2-339f2b73bc25" testListId="8c84fa94-04c1-424b-9868-57a2d4851a1d" />
    <TestEntry testId="9ecb7883-ff49-98e6-993d-16e9004010f4" executionId="235f2a6a-9c52-4a84-97e3-b533712182e3" testListId="8c84fa94-04c1-424b-9868-57a2d4851a1d" />
    <TestEntry testId="4c6e7ebf-1174-bc98-fd70-3980b9f45e66" executionId="acaa6935-e120-4bec-9d7b-a89a9bc59cdb" testListId="8c84fa94-04c1-424b-9868-57a2d4851a1d" />
    <TestEntry testId="8af1846a-46f7-f92e-e783-f54d2ad567a5" executionId="caf2aeeb-e112-489f-b029-77b64980a2a5" testListId="8c84fa94-04c1-424b-9868-57a2d4851a1d" />
    <TestEntry testId="bf0e6832-7bf9-03bd-2061-a2493e03c805" executionId="270d4ce2-cd18-4808-a84d-884a94f4c8bf" testListId="8c84fa94-04c1-424b-9868-57a2d4851a1d" />
    <TestEntry testId="c60cbd5f-4371-33ed-8534-ad918a97b1ba" executionId="1c81a752-d4f3-4a79-923f-5bf4b754dc2c" testListId="8c84fa94-04c1-424b-9868-57a2d4851a1d" />
    <TestEntry testId="db304d81-3b09-d060-30ff-fd28a51a1c7c" executionId="49ea7223-b3e6-4894-9b6b-e9506ce791b7" testListId="8c84fa94-04c1-424b-9868-57a2d4851a1d" />
    <TestEntry testId="f2701ab7-386b-607f-c8bf-48b63f89b465" executionId="4aa25e9c-047c-4412-9dce-dc555810a9d8" testListId="8c84fa94-04c1-424b-9868-57a2d4851a1d" />
    <TestEntry testId="9b61b1ef-ed9c-a823-04e4-e48dfae30a7f" executionId="35117575-587b-4b88-825b-7d63c1e8050c" testListId="8c84fa94-04c1-424b-9868-57a2d4851a1d" />
    <TestEntry testId="bde352ff-af96-23b6-0b9f-cc511f34e8c9" executionId="440a6b33-7d46-431a-87b4-2f76cc6ea7a9" testListId="8c84fa94-04c1-424b-9868-57a2d4851a1d" />
    <TestEntry testId="a175f214-a4d9-99af-3047-32fabf3eca68" executionId="183f610d-549f-4264-b178-a2e122e802e9" testListId="8c84fa94-04c1-424b-9868-57a2d4851a1d" />
    <TestEntry testId="ab7c4562-0daa-548c-6acd-463d6ebe5d38" executionId="fc7d0331-c54e-4904-bab7-5dd2a4772364" testListId="8c84fa94-04c1-424b-9868-57a2d4851a1d" />
    <TestEntry testId="112872f6-dad6-92d3-9bfa-a3f1d65287bf" executionId="328fcf71-ee76-4969-b7d7-ee1be8074330" testListId="8c84fa94-04c1-424b-9868-57a2d4851a1d" />
    <TestEntry testId="760704d7-0358-42da-f742-4ef134638f7a" executionId="ff102bd2-39b1-41de-9ffa-9e937fa9738c" testListId="8c84fa94-04c1-424b-9868-57a2d4851a1d" />
    <TestEntry testId="4a1383f2-a64a-b0d1-9bf8-e5df04278fad" executionId="14f15d28-fcce-44a6-88e0-eb99055b41ed" testListId="8c84fa94-04c1-424b-9868-57a2d4851a1d" />
    <TestEntry testId="32411c39-9f4c-595a-dad3-dcf79e927dc7" executionId="7c0c8fe8-3972-42a8-99a4-0a24ef45a2e5" testListId="8c84fa94-04c1-424b-9868-57a2d4851a1d" />
    <TestEntry testId="603571f4-dd67-5cd1-d4b3-3f891c1e2c24" executionId="fc6fe385-5f5f-4dd8-903c-2c0c3fd4fc82" testListId="8c84fa94-04c1-424b-9868-57a2d4851a1d" />
    <TestEntry testId="68c6fd49-2e47-01b1-4a81-37808f2849c6" executionId="2ec6e5dd-f7b3-4b1e-9d59-824952ed7ebd" testListId="8c84fa94-04c1-424b-9868-57a2d4851a1d" />
  </TestEntries>
  <TestLists>
    <TestList name="Resultados que não estão em uma lista" id="8c84fa94-04c1-424b-9868-57a2d4851a1d" />
    <TestList name="Todos os resultados carregados" id="19431567-8539-422a-85d7-44ee4e166bda" />
  </TestLists>
  <ResultSummary outcome="Failed">
    <Counters total="94" executed="94" passed="81" failed="13" error="0" timeout="0" aborted="0" inconclusive="0" passedButRunAborted="0" notRunnable="0" notExecuted="0" disconnected="0" warning="0" completed="0" inProgress="0" pending="0" />
    <Output>
      <StdOut>NUnit Adapter 4.5.0.0: Test execution started&#xD;
Running all tests in c:\Users\Conta\OneDrive\Documentos\AvaEdu\bin\Debug\net462\AvaEdu.dll&#xD;
   NUnit3TestExecutor discovered 94 of 94 NUnit test cases using Current Discovery mode, Non-Explicit run&#xD;
Test_0: Placeholder para critério: [Test scenario 1]&#xD;
Test_1: Placeholder para critério: [Test scenario 2]&#xD;
Test_10: Placeholder para critério: **Experiment:** [Description]&#xD;
Test_11: Placeholder para critério: **Experiment:** [Description]&#xD;
Test_19: Placeholder para critério: Se a ocorrência estiver com status **Fechado**, qualquer tentativa de alteração em `Nome`, `Email`, `Descrição` ou `CPF` deve ser impedida, lançando exceção.&#xD;
Test_2: Placeholder para critério: [Edge case 1]&#xD;
Test_20: Placeholder para critério: Se a ocorrência estiver com status **Fechado**, qualquer tentativa de alteração de `Tipo` ou `Assunto` deve ser impedida, lançando exceção.&#xD;
Test_21: Placeholder para critério: Quando o status da ocorrência for alterado para **Fechado** e ainda não houver data de conclusão, o sistema deve preencher automaticamente a **data de conclusão** com a data/hora atual.&#xD;
Test_23: Placeholder para critério: Se a ocorrência estiver com status **Fechado**, o sistema deve **impedir a exclusão** e lançar exceção apropriada.&#xD;
Test_3: Placeholder para critério: [Edge case 2]&#xD;
Test_4: Placeholder para critério: [Error condition 1]&#xD;
Test_5: Placeholder para critério: [Error condition 2]&#xD;
Test_6: Placeholder para critério: **Action:** [Specific action item]&#xD;
Test_7: Placeholder para critério: **Action:** [Specific action item]&#xD;
Test_8: Placeholder para critério: **Action:** [Specific action item]&#xD;
Test_9: Placeholder para critério: **Action:** [Specific action item]&#xD;
NUnit Adapter 4.5.0.0: Test execution complete&#xD;
</StdOut>
    </Output>
  </ResultSummary>
</TestRun>